[Mon Mar 24 2014 10:22:26 GMT+0000 (UTC)]/login
TypeError: Not a string or buffer
    at Hash.update (crypto.js:209:17)
    at exports.doLogin (/home/ec2-user/wedate_backend/routes/index.js:27:24)
    at callbacks (/home/ec2-user/wedate_backend/node_modules/express/lib/router/index.js:164:37)
    at param (/home/ec2-user/wedate_backend/node_modules/express/lib/router/index.js:138:11)
    at pass (/home/ec2-user/wedate_backend/node_modules/express/lib/router/index.js:145:5)
    at nextRoute (/home/ec2-user/wedate_backend/node_modules/express/lib/router/index.js:100:7)
    at callbacks (/home/ec2-user/wedate_backend/node_modules/express/lib/router/index.js:167:11)
    at exports.checkNotLogin (/home/ec2-user/wedate_backend/routes/index.js:22:5)
    at callbacks (/home/ec2-user/wedate_backend/node_modules/express/lib/router/index.js:164:37)
    at param (/home/ec2-user/wedate_backend/node_modules/express/lib/router/index.js:138:11)
[Wed Mar 26 2014 14:41:13 GMT+0800 (CST)]/login
TypeError: Not a string or buffer
    at Hash.update (crypto.js:209:17)
    at exports.doLogin (/Users/nosongyang/nodejs/wedate/routes/index.js:27:24)
    at callbacks (/Users/nosongyang/nodejs/wedate/node_modules/express/lib/router/index.js:164:37)
    at param (/Users/nosongyang/nodejs/wedate/node_modules/express/lib/router/index.js:138:11)
    at pass (/Users/nosongyang/nodejs/wedate/node_modules/express/lib/router/index.js:145:5)
    at nextRoute (/Users/nosongyang/nodejs/wedate/node_modules/express/lib/router/index.js:100:7)
    at callbacks (/Users/nosongyang/nodejs/wedate/node_modules/express/lib/router/index.js:167:11)
    at exports.checkNotLogin (/Users/nosongyang/nodejs/wedate/routes/index.js:22:5)
    at callbacks (/Users/nosongyang/nodejs/wedate/node_modules/express/lib/router/index.js:164:37)
    at param (/Users/nosongyang/nodejs/wedate/node_modules/express/lib/router/index.js:138:11)
[Wed Mar 26 2014 14:42:48 GMT+0800 (CST)]/login
TypeError: Not a string or buffer
    at Hash.update (crypto.js:209:17)
    at exports.doLogin (/Users/nosongyang/nodejs/wedate/routes/index.js:28:24)
    at callbacks (/Users/nosongyang/nodejs/wedate/node_modules/express/lib/router/index.js:164:37)
    at param (/Users/nosongyang/nodejs/wedate/node_modules/express/lib/router/index.js:138:11)
    at pass (/Users/nosongyang/nodejs/wedate/node_modules/express/lib/router/index.js:145:5)
    at nextRoute (/Users/nosongyang/nodejs/wedate/node_modules/express/lib/router/index.js:100:7)
    at callbacks (/Users/nosongyang/nodejs/wedate/node_modules/express/lib/router/index.js:167:11)
    at exports.checkNotLogin (/Users/nosongyang/nodejs/wedate/routes/index.js:22:5)
    at callbacks (/Users/nosongyang/nodejs/wedate/node_modules/express/lib/router/index.js:164:37)
    at param (/Users/nosongyang/nodejs/wedate/node_modules/express/lib/router/index.js:138:11)
[Wed Mar 26 2014 14:43:23 GMT+0800 (CST)]/login
TypeError: Not a string or buffer
    at Hash.update (crypto.js:209:17)
    at exports.doLogin (/Users/nosongyang/nodejs/wedate/routes/index.js:28:24)
    at callbacks (/Users/nosongyang/nodejs/wedate/node_modules/express/lib/router/index.js:164:37)
    at param (/Users/nosongyang/nodejs/wedate/node_modules/express/lib/router/index.js:138:11)
    at pass (/Users/nosongyang/nodejs/wedate/node_modules/express/lib/router/index.js:145:5)
    at nextRoute (/Users/nosongyang/nodejs/wedate/node_modules/express/lib/router/index.js:100:7)
    at callbacks (/Users/nosongyang/nodejs/wedate/node_modules/express/lib/router/index.js:167:11)
    at exports.checkNotLogin (/Users/nosongyang/nodejs/wedate/routes/index.js:22:5)
    at callbacks (/Users/nosongyang/nodejs/wedate/node_modules/express/lib/router/index.js:164:37)
    at param (/Users/nosongyang/nodejs/wedate/node_modules/express/lib/router/index.js:138:11)
[Wed Mar 26 2014 14:46:11 GMT+0800 (CST)]/login
TypeError: Not a string or buffer
    at Hash.update (crypto.js:209:17)
    at exports.doLogin (/Users/nosongyang/nodejs/wedate/routes/index.js:28:24)
    at callbacks (/Users/nosongyang/nodejs/wedate/node_modules/express/lib/router/index.js:164:37)
    at param (/Users/nosongyang/nodejs/wedate/node_modules/express/lib/router/index.js:138:11)
    at pass (/Users/nosongyang/nodejs/wedate/node_modules/express/lib/router/index.js:145:5)
    at nextRoute (/Users/nosongyang/nodejs/wedate/node_modules/express/lib/router/index.js:100:7)
    at callbacks (/Users/nosongyang/nodejs/wedate/node_modules/express/lib/router/index.js:167:11)
    at exports.checkNotLogin (/Users/nosongyang/nodejs/wedate/routes/index.js:22:5)
    at callbacks (/Users/nosongyang/nodejs/wedate/node_modules/express/lib/router/index.js:164:37)
    at param (/Users/nosongyang/nodejs/wedate/node_modules/express/lib/router/index.js:138:11)
[Wed Mar 26 2014 14:47:58 GMT+0800 (CST)]/login
TypeError: Not a string or buffer
    at Hash.update (crypto.js:209:17)
    at exports.doLogin (/Users/nosongyang/nodejs/wedate/routes/index.js:28:24)
    at callbacks (/Users/nosongyang/nodejs/wedate/node_modules/express/lib/router/index.js:164:37)
    at param (/Users/nosongyang/nodejs/wedate/node_modules/express/lib/router/index.js:138:11)
    at pass (/Users/nosongyang/nodejs/wedate/node_modules/express/lib/router/index.js:145:5)
    at nextRoute (/Users/nosongyang/nodejs/wedate/node_modules/express/lib/router/index.js:100:7)
    at callbacks (/Users/nosongyang/nodejs/wedate/node_modules/express/lib/router/index.js:167:11)
    at exports.checkNotLogin (/Users/nosongyang/nodejs/wedate/routes/index.js:22:5)
    at callbacks (/Users/nosongyang/nodejs/wedate/node_modules/express/lib/router/index.js:164:37)
    at param (/Users/nosongyang/nodejs/wedate/node_modules/express/lib/router/index.js:138:11)
[Wed Mar 26 2014 14:48:15 GMT+0800 (CST)]/login
TypeError: Not a string or buffer
    at Hash.update (crypto.js:209:17)
    at exports.doLogin (/Users/nosongyang/nodejs/wedate/routes/index.js:28:24)
    at callbacks (/Users/nosongyang/nodejs/wedate/node_modules/express/lib/router/index.js:164:37)
    at param (/Users/nosongyang/nodejs/wedate/node_modules/express/lib/router/index.js:138:11)
    at pass (/Users/nosongyang/nodejs/wedate/node_modules/express/lib/router/index.js:145:5)
    at nextRoute (/Users/nosongyang/nodejs/wedate/node_modules/express/lib/router/index.js:100:7)
    at callbacks (/Users/nosongyang/nodejs/wedate/node_modules/express/lib/router/index.js:167:11)
    at exports.checkNotLogin (/Users/nosongyang/nodejs/wedate/routes/index.js:22:5)
    at callbacks (/Users/nosongyang/nodejs/wedate/node_modules/express/lib/router/index.js:164:37)
    at param (/Users/nosongyang/nodejs/wedate/node_modules/express/lib/router/index.js:138:11)
[Wed Mar 26 2014 14:50:37 GMT+0800 (CST)]/login
TypeError: Not a string or buffer
    at Hash.update (crypto.js:209:17)
    at exports.doLogin (/Users/nosongyang/nodejs/wedate/routes/index.js:28:24)
    at callbacks (/Users/nosongyang/nodejs/wedate/node_modules/express/lib/router/index.js:164:37)
    at param (/Users/nosongyang/nodejs/wedate/node_modules/express/lib/router/index.js:138:11)
    at pass (/Users/nosongyang/nodejs/wedate/node_modules/express/lib/router/index.js:145:5)
    at nextRoute (/Users/nosongyang/nodejs/wedate/node_modules/express/lib/router/index.js:100:7)
    at callbacks (/Users/nosongyang/nodejs/wedate/node_modules/express/lib/router/index.js:167:11)
    at exports.checkNotLogin (/Users/nosongyang/nodejs/wedate/routes/index.js:22:5)
    at callbacks (/Users/nosongyang/nodejs/wedate/node_modules/express/lib/router/index.js:164:37)
    at param (/Users/nosongyang/nodejs/wedate/node_modules/express/lib/router/index.js:138:11)
[Thu Mar 27 2014 12:34:31 GMT+0800 (CST)]/upload
Error: db object already connecting, open cannot be called multiple times
    at Db.open (/Users/nosongyang/nodejs/wedate/node_modules/mongodb/lib/mongodb/db.js:246:11)
    at exports.upload (/Users/nosongyang/nodejs/wedate/routes/audio.js:12:13)
    at callbacks (/Users/nosongyang/nodejs/wedate/node_modules/express/lib/router/index.js:164:37)
    at param (/Users/nosongyang/nodejs/wedate/node_modules/express/lib/router/index.js:138:11)
    at pass (/Users/nosongyang/nodejs/wedate/node_modules/express/lib/router/index.js:145:5)
    at nextRoute (/Users/nosongyang/nodejs/wedate/node_modules/express/lib/router/index.js:100:7)
    at callbacks (/Users/nosongyang/nodejs/wedate/node_modules/express/lib/router/index.js:167:11)
    at exports.checkLogin (/Users/nosongyang/nodejs/wedate/routes/index.js:15:5)
    at callbacks (/Users/nosongyang/nodejs/wedate/node_modules/express/lib/router/index.js:164:37)
    at param (/Users/nosongyang/nodejs/wedate/node_modules/express/lib/router/index.js:138:11)
[Thu Mar 27 2014 12:35:00 GMT+0800 (CST)]/upload
Error: db object already connecting, open cannot be called multiple times
    at Db.open (/Users/nosongyang/nodejs/wedate/node_modules/mongodb/lib/mongodb/db.js:246:11)
    at exports.upload (/Users/nosongyang/nodejs/wedate/routes/audio.js:12:13)
    at callbacks (/Users/nosongyang/nodejs/wedate/node_modules/express/lib/router/index.js:164:37)
    at param (/Users/nosongyang/nodejs/wedate/node_modules/express/lib/router/index.js:138:11)
    at pass (/Users/nosongyang/nodejs/wedate/node_modules/express/lib/router/index.js:145:5)
    at nextRoute (/Users/nosongyang/nodejs/wedate/node_modules/express/lib/router/index.js:100:7)
    at callbacks (/Users/nosongyang/nodejs/wedate/node_modules/express/lib/router/index.js:167:11)
    at exports.checkLogin (/Users/nosongyang/nodejs/wedate/routes/index.js:15:5)
    at callbacks (/Users/nosongyang/nodejs/wedate/node_modules/express/lib/router/index.js:164:37)
    at param (/Users/nosongyang/nodejs/wedate/node_modules/express/lib/router/index.js:138:11)
[Thu Mar 27 2014 12:35:23 GMT+0800 (CST)]/upload
Error: db object already connecting, open cannot be called multiple times
    at Db.open (/Users/nosongyang/nodejs/wedate/node_modules/mongodb/lib/mongodb/db.js:246:11)
    at exports.upload (/Users/nosongyang/nodejs/wedate/routes/audio.js:12:13)
    at callbacks (/Users/nosongyang/nodejs/wedate/node_modules/express/lib/router/index.js:164:37)
    at param (/Users/nosongyang/nodejs/wedate/node_modules/express/lib/router/index.js:138:11)
    at pass (/Users/nosongyang/nodejs/wedate/node_modules/express/lib/router/index.js:145:5)
    at nextRoute (/Users/nosongyang/nodejs/wedate/node_modules/express/lib/router/index.js:100:7)
    at callbacks (/Users/nosongyang/nodejs/wedate/node_modules/express/lib/router/index.js:167:11)
    at exports.checkLogin (/Users/nosongyang/nodejs/wedate/routes/index.js:15:5)
    at callbacks (/Users/nosongyang/nodejs/wedate/node_modules/express/lib/router/index.js:164:37)
    at param (/Users/nosongyang/nodejs/wedate/node_modules/express/lib/router/index.js:138:11)
[Thu Mar 27 2014 12:35:52 GMT+0800 (CST)]/upload
Error: db object already connecting, open cannot be called multiple times
    at Db.open (/Users/nosongyang/nodejs/wedate/node_modules/mongodb/lib/mongodb/db.js:246:11)
    at exports.upload (/Users/nosongyang/nodejs/wedate/routes/audio.js:12:13)
    at callbacks (/Users/nosongyang/nodejs/wedate/node_modules/express/lib/router/index.js:164:37)
    at param (/Users/nosongyang/nodejs/wedate/node_modules/express/lib/router/index.js:138:11)
    at pass (/Users/nosongyang/nodejs/wedate/node_modules/express/lib/router/index.js:145:5)
    at nextRoute (/Users/nosongyang/nodejs/wedate/node_modules/express/lib/router/index.js:100:7)
    at callbacks (/Users/nosongyang/nodejs/wedate/node_modules/express/lib/router/index.js:167:11)
    at exports.checkLogin (/Users/nosongyang/nodejs/wedate/routes/index.js:15:5)
    at callbacks (/Users/nosongyang/nodejs/wedate/node_modules/express/lib/router/index.js:164:37)
    at param (/Users/nosongyang/nodejs/wedate/node_modules/express/lib/router/index.js:138:11)
[Thu Mar 27 2014 12:35:53 GMT+0800 (CST)]/upload
Error: db object already connecting, open cannot be called multiple times
    at Db.open (/Users/nosongyang/nodejs/wedate/node_modules/mongodb/lib/mongodb/db.js:246:11)
    at exports.upload (/Users/nosongyang/nodejs/wedate/routes/audio.js:12:13)
    at callbacks (/Users/nosongyang/nodejs/wedate/node_modules/express/lib/router/index.js:164:37)
    at param (/Users/nosongyang/nodejs/wedate/node_modules/express/lib/router/index.js:138:11)
    at pass (/Users/nosongyang/nodejs/wedate/node_modules/express/lib/router/index.js:145:5)
    at nextRoute (/Users/nosongyang/nodejs/wedate/node_modules/express/lib/router/index.js:100:7)
    at callbacks (/Users/nosongyang/nodejs/wedate/node_modules/express/lib/router/index.js:167:11)
    at exports.checkLogin (/Users/nosongyang/nodejs/wedate/routes/index.js:15:5)
    at callbacks (/Users/nosongyang/nodejs/wedate/node_modules/express/lib/router/index.js:164:37)
    at param (/Users/nosongyang/nodejs/wedate/node_modules/express/lib/router/index.js:138:11)
[Thu Mar 27 2014 12:35:53 GMT+0800 (CST)]/upload
Error: db object already connecting, open cannot be called multiple times
    at Db.open (/Users/nosongyang/nodejs/wedate/node_modules/mongodb/lib/mongodb/db.js:246:11)
    at exports.upload (/Users/nosongyang/nodejs/wedate/routes/audio.js:12:13)
    at callbacks (/Users/nosongyang/nodejs/wedate/node_modules/express/lib/router/index.js:164:37)
    at param (/Users/nosongyang/nodejs/wedate/node_modules/express/lib/router/index.js:138:11)
    at pass (/Users/nosongyang/nodejs/wedate/node_modules/express/lib/router/index.js:145:5)
    at nextRoute (/Users/nosongyang/nodejs/wedate/node_modules/express/lib/router/index.js:100:7)
    at callbacks (/Users/nosongyang/nodejs/wedate/node_modules/express/lib/router/index.js:167:11)
    at exports.checkLogin (/Users/nosongyang/nodejs/wedate/routes/index.js:15:5)
    at callbacks (/Users/nosongyang/nodejs/wedate/node_modules/express/lib/router/index.js:164:37)
    at param (/Users/nosongyang/nodejs/wedate/node_modules/express/lib/router/index.js:138:11)
[Thu Mar 27 2014 12:35:54 GMT+0800 (CST)]/upload
Error: db object already connecting, open cannot be called multiple times
    at Db.open (/Users/nosongyang/nodejs/wedate/node_modules/mongodb/lib/mongodb/db.js:246:11)
    at exports.upload (/Users/nosongyang/nodejs/wedate/routes/audio.js:12:13)
    at callbacks (/Users/nosongyang/nodejs/wedate/node_modules/express/lib/router/index.js:164:37)
    at param (/Users/nosongyang/nodejs/wedate/node_modules/express/lib/router/index.js:138:11)
    at pass (/Users/nosongyang/nodejs/wedate/node_modules/express/lib/router/index.js:145:5)
    at nextRoute (/Users/nosongyang/nodejs/wedate/node_modules/express/lib/router/index.js:100:7)
    at callbacks (/Users/nosongyang/nodejs/wedate/node_modules/express/lib/router/index.js:167:11)
    at exports.checkLogin (/Users/nosongyang/nodejs/wedate/routes/index.js:15:5)
    at callbacks (/Users/nosongyang/nodejs/wedate/node_modules/express/lib/router/index.js:164:37)
    at param (/Users/nosongyang/nodejs/wedate/node_modules/express/lib/router/index.js:138:11)
[Thu Mar 27 2014 12:35:56 GMT+0800 (CST)]/upload
Error: db object already connecting, open cannot be called multiple times
    at Db.open (/Users/nosongyang/nodejs/wedate/node_modules/mongodb/lib/mongodb/db.js:246:11)
    at exports.upload (/Users/nosongyang/nodejs/wedate/routes/audio.js:12:13)
    at callbacks (/Users/nosongyang/nodejs/wedate/node_modules/express/lib/router/index.js:164:37)
    at param (/Users/nosongyang/nodejs/wedate/node_modules/express/lib/router/index.js:138:11)
    at pass (/Users/nosongyang/nodejs/wedate/node_modules/express/lib/router/index.js:145:5)
    at nextRoute (/Users/nosongyang/nodejs/wedate/node_modules/express/lib/router/index.js:100:7)
    at callbacks (/Users/nosongyang/nodejs/wedate/node_modules/express/lib/router/index.js:167:11)
    at exports.checkLogin (/Users/nosongyang/nodejs/wedate/routes/index.js:15:5)
    at callbacks (/Users/nosongyang/nodejs/wedate/node_modules/express/lib/router/index.js:164:37)
    at param (/Users/nosongyang/nodejs/wedate/node_modules/express/lib/router/index.js:138:11)
[Thu Mar 27 2014 12:36:06 GMT+0800 (CST)]/upload
Error: db object already connecting, open cannot be called multiple times
    at Db.open (/Users/nosongyang/nodejs/wedate/node_modules/mongodb/lib/mongodb/db.js:246:11)
    at exports.upload (/Users/nosongyang/nodejs/wedate/routes/audio.js:12:13)
    at callbacks (/Users/nosongyang/nodejs/wedate/node_modules/express/lib/router/index.js:164:37)
    at param (/Users/nosongyang/nodejs/wedate/node_modules/express/lib/router/index.js:138:11)
    at pass (/Users/nosongyang/nodejs/wedate/node_modules/express/lib/router/index.js:145:5)
    at nextRoute (/Users/nosongyang/nodejs/wedate/node_modules/express/lib/router/index.js:100:7)
    at callbacks (/Users/nosongyang/nodejs/wedate/node_modules/express/lib/router/index.js:167:11)
    at exports.checkLogin (/Users/nosongyang/nodejs/wedate/routes/index.js:15:5)
    at callbacks (/Users/nosongyang/nodejs/wedate/node_modules/express/lib/router/index.js:164:37)
    at param (/Users/nosongyang/nodejs/wedate/node_modules/express/lib/router/index.js:138:11)
[Thu Mar 27 2014 12:36:41 GMT+0800 (CST)]/upload
Error: db object already connecting, open cannot be called multiple times
    at Db.open (/Users/nosongyang/nodejs/wedate/node_modules/mongodb/lib/mongodb/db.js:246:11)
    at exports.upload (/Users/nosongyang/nodejs/wedate/routes/audio.js:12:13)
    at callbacks (/Users/nosongyang/nodejs/wedate/node_modules/express/lib/router/index.js:164:37)
    at param (/Users/nosongyang/nodejs/wedate/node_modules/express/lib/router/index.js:138:11)
    at pass (/Users/nosongyang/nodejs/wedate/node_modules/express/lib/router/index.js:145:5)
    at nextRoute (/Users/nosongyang/nodejs/wedate/node_modules/express/lib/router/index.js:100:7)
    at callbacks (/Users/nosongyang/nodejs/wedate/node_modules/express/lib/router/index.js:167:11)
    at exports.checkLogin (/Users/nosongyang/nodejs/wedate/routes/index.js:15:5)
    at callbacks (/Users/nosongyang/nodejs/wedate/node_modules/express/lib/router/index.js:164:37)
    at param (/Users/nosongyang/nodejs/wedate/node_modules/express/lib/router/index.js:138:11)
[Thu Mar 27 2014 12:37:06 GMT+0800 (CST)]/upload
Error: db object already connecting, open cannot be called multiple times
    at Db.open (/Users/nosongyang/nodejs/wedate/node_modules/mongodb/lib/mongodb/db.js:246:11)
    at exports.upload (/Users/nosongyang/nodejs/wedate/routes/audio.js:12:13)
    at callbacks (/Users/nosongyang/nodejs/wedate/node_modules/express/lib/router/index.js:164:37)
    at param (/Users/nosongyang/nodejs/wedate/node_modules/express/lib/router/index.js:138:11)
    at pass (/Users/nosongyang/nodejs/wedate/node_modules/express/lib/router/index.js:145:5)
    at nextRoute (/Users/nosongyang/nodejs/wedate/node_modules/express/lib/router/index.js:100:7)
    at callbacks (/Users/nosongyang/nodejs/wedate/node_modules/express/lib/router/index.js:167:11)
    at exports.checkLogin (/Users/nosongyang/nodejs/wedate/routes/index.js:15:5)
    at callbacks (/Users/nosongyang/nodejs/wedate/node_modules/express/lib/router/index.js:164:37)
    at param (/Users/nosongyang/nodejs/wedate/node_modules/express/lib/router/index.js:138:11)
[Thu Mar 27 2014 15:50:46 GMT+0800 (CST)]/check_user_version
Error: invalid json
    at Object.exports.error (/Users/nosongyang/nodejs/wedate/node_modules/express/node_modules/connect/lib/utils.js:63:13)
    at /Users/nosongyang/nodejs/wedate/node_modules/express/node_modules/connect/lib/middleware/json.js:73:69
    at IncomingMessage.onEnd (/Users/nosongyang/nodejs/wedate/node_modules/express/node_modules/connect/node_modules/raw-body/index.js:109:7)
    at IncomingMessage.g (events.js:180:16)
    at IncomingMessage.EventEmitter.emit (events.js:92:17)
    at _stream_readable.js:920:16
    at process._tickCallback (node.js:415:13)
[Thu Mar 27 2014 17:03:22 GMT+0800 (CST)]/login
TypeError: Cannot read property 'userInfo' of undefined
    at exports.doLogin (/Users/nosongyang/nodejs/wedate/routes/index.js:28:18)
    at callbacks (/Users/nosongyang/nodejs/wedate/node_modules/express/lib/router/index.js:164:37)
    at param (/Users/nosongyang/nodejs/wedate/node_modules/express/lib/router/index.js:138:11)
    at pass (/Users/nosongyang/nodejs/wedate/node_modules/express/lib/router/index.js:145:5)
    at nextRoute (/Users/nosongyang/nodejs/wedate/node_modules/express/lib/router/index.js:100:7)
    at callbacks (/Users/nosongyang/nodejs/wedate/node_modules/express/lib/router/index.js:167:11)
    at exports.checkNotLogin (/Users/nosongyang/nodejs/wedate/routes/index.js:23:5)
    at callbacks (/Users/nosongyang/nodejs/wedate/node_modules/express/lib/router/index.js:164:37)
    at param (/Users/nosongyang/nodejs/wedate/node_modules/express/lib/router/index.js:138:11)
    at pass (/Users/nosongyang/nodejs/wedate/node_modules/express/lib/router/index.js:145:5)
[Thu Mar 27 2014 17:03:34 GMT+0800 (CST)]/login
TypeError: Cannot read property 'userInfo' of undefined
    at exports.doLogin (/Users/nosongyang/nodejs/wedate/routes/index.js:28:18)
    at callbacks (/Users/nosongyang/nodejs/wedate/node_modules/express/lib/router/index.js:164:37)
    at param (/Users/nosongyang/nodejs/wedate/node_modules/express/lib/router/index.js:138:11)
    at pass (/Users/nosongyang/nodejs/wedate/node_modules/express/lib/router/index.js:145:5)
    at nextRoute (/Users/nosongyang/nodejs/wedate/node_modules/express/lib/router/index.js:100:7)
    at callbacks (/Users/nosongyang/nodejs/wedate/node_modules/express/lib/router/index.js:167:11)
    at exports.checkNotLogin (/Users/nosongyang/nodejs/wedate/routes/index.js:23:5)
    at callbacks (/Users/nosongyang/nodejs/wedate/node_modules/express/lib/router/index.js:164:37)
    at param (/Users/nosongyang/nodejs/wedate/node_modules/express/lib/router/index.js:138:11)
    at pass (/Users/nosongyang/nodejs/wedate/node_modules/express/lib/router/index.js:145:5)
[Thu Mar 27 2014 17:04:17 GMT+0800 (CST)]/login
TypeError: Cannot read property 'userInfo' of undefined
    at exports.doLogin (/Users/nosongyang/nodejs/wedate/routes/index.js:28:18)
    at callbacks (/Users/nosongyang/nodejs/wedate/node_modules/express/lib/router/index.js:164:37)
    at param (/Users/nosongyang/nodejs/wedate/node_modules/express/lib/router/index.js:138:11)
    at pass (/Users/nosongyang/nodejs/wedate/node_modules/express/lib/router/index.js:145:5)
    at nextRoute (/Users/nosongyang/nodejs/wedate/node_modules/express/lib/router/index.js:100:7)
    at callbacks (/Users/nosongyang/nodejs/wedate/node_modules/express/lib/router/index.js:167:11)
    at exports.checkNotLogin (/Users/nosongyang/nodejs/wedate/routes/index.js:23:5)
    at callbacks (/Users/nosongyang/nodejs/wedate/node_modules/express/lib/router/index.js:164:37)
    at param (/Users/nosongyang/nodejs/wedate/node_modules/express/lib/router/index.js:138:11)
    at pass (/Users/nosongyang/nodejs/wedate/node_modules/express/lib/router/index.js:145:5)
[Thu Mar 27 2014 17:04:55 GMT+0800 (CST)]/login
TypeError: Cannot read property 'userInfo' of undefined
    at exports.doLogin (/Users/nosongyang/nodejs/wedate/routes/index.js:28:18)
    at callbacks (/Users/nosongyang/nodejs/wedate/node_modules/express/lib/router/index.js:164:37)
    at param (/Users/nosongyang/nodejs/wedate/node_modules/express/lib/router/index.js:138:11)
    at pass (/Users/nosongyang/nodejs/wedate/node_modules/express/lib/router/index.js:145:5)
    at nextRoute (/Users/nosongyang/nodejs/wedate/node_modules/express/lib/router/index.js:100:7)
    at callbacks (/Users/nosongyang/nodejs/wedate/node_modules/express/lib/router/index.js:167:11)
    at exports.checkNotLogin (/Users/nosongyang/nodejs/wedate/routes/index.js:23:5)
    at callbacks (/Users/nosongyang/nodejs/wedate/node_modules/express/lib/router/index.js:164:37)
    at param (/Users/nosongyang/nodejs/wedate/node_modules/express/lib/router/index.js:138:11)
    at pass (/Users/nosongyang/nodejs/wedate/node_modules/express/lib/router/index.js:145:5)
[Thu Mar 27 2014 17:05:36 GMT+0800 (CST)]/login
TypeError: Cannot read property 'userInfo' of undefined
    at exports.doLogin (/Users/nosongyang/nodejs/wedate/routes/index.js:28:18)
    at callbacks (/Users/nosongyang/nodejs/wedate/node_modules/express/lib/router/index.js:164:37)
    at param (/Users/nosongyang/nodejs/wedate/node_modules/express/lib/router/index.js:138:11)
    at pass (/Users/nosongyang/nodejs/wedate/node_modules/express/lib/router/index.js:145:5)
    at nextRoute (/Users/nosongyang/nodejs/wedate/node_modules/express/lib/router/index.js:100:7)
    at callbacks (/Users/nosongyang/nodejs/wedate/node_modules/express/lib/router/index.js:167:11)
    at exports.checkNotLogin (/Users/nosongyang/nodejs/wedate/routes/index.js:23:5)
    at callbacks (/Users/nosongyang/nodejs/wedate/node_modules/express/lib/router/index.js:164:37)
    at param (/Users/nosongyang/nodejs/wedate/node_modules/express/lib/router/index.js:138:11)
    at pass (/Users/nosongyang/nodejs/wedate/node_modules/express/lib/router/index.js:145:5)
[Thu Mar 27 2014 17:05:37 GMT+0800 (CST)]/login
TypeError: Cannot read property 'userInfo' of undefined
    at exports.doLogin (/Users/nosongyang/nodejs/wedate/routes/index.js:28:18)
    at callbacks (/Users/nosongyang/nodejs/wedate/node_modules/express/lib/router/index.js:164:37)
    at param (/Users/nosongyang/nodejs/wedate/node_modules/express/lib/router/index.js:138:11)
    at pass (/Users/nosongyang/nodejs/wedate/node_modules/express/lib/router/index.js:145:5)
    at nextRoute (/Users/nosongyang/nodejs/wedate/node_modules/express/lib/router/index.js:100:7)
    at callbacks (/Users/nosongyang/nodejs/wedate/node_modules/express/lib/router/index.js:167:11)
    at exports.checkNotLogin (/Users/nosongyang/nodejs/wedate/routes/index.js:23:5)
    at callbacks (/Users/nosongyang/nodejs/wedate/node_modules/express/lib/router/index.js:164:37)
    at param (/Users/nosongyang/nodejs/wedate/node_modules/express/lib/router/index.js:138:11)
    at pass (/Users/nosongyang/nodejs/wedate/node_modules/express/lib/router/index.js:145:5)
[Thu Mar 27 2014 17:07:02 GMT+0800 (CST)]/login
TypeError: Cannot read property 'userInfo' of undefined
    at exports.doLogin (/Users/nosongyang/nodejs/wedate/routes/index.js:28:18)
    at callbacks (/Users/nosongyang/nodejs/wedate/node_modules/express/lib/router/index.js:164:37)
    at param (/Users/nosongyang/nodejs/wedate/node_modules/express/lib/router/index.js:138:11)
    at pass (/Users/nosongyang/nodejs/wedate/node_modules/express/lib/router/index.js:145:5)
    at nextRoute (/Users/nosongyang/nodejs/wedate/node_modules/express/lib/router/index.js:100:7)
    at callbacks (/Users/nosongyang/nodejs/wedate/node_modules/express/lib/router/index.js:167:11)
    at exports.checkNotLogin (/Users/nosongyang/nodejs/wedate/routes/index.js:23:5)
    at callbacks (/Users/nosongyang/nodejs/wedate/node_modules/express/lib/router/index.js:164:37)
    at param (/Users/nosongyang/nodejs/wedate/node_modules/express/lib/router/index.js:138:11)
    at pass (/Users/nosongyang/nodejs/wedate/node_modules/express/lib/router/index.js:145:5)
[Thu Mar 27 2014 17:07:09 GMT+0800 (CST)]/login
TypeError: Cannot read property 'userInfo' of undefined
    at exports.doLogin (/Users/nosongyang/nodejs/wedate/routes/index.js:29:18)
    at callbacks (/Users/nosongyang/nodejs/wedate/node_modules/express/lib/router/index.js:164:37)
    at param (/Users/nosongyang/nodejs/wedate/node_modules/express/lib/router/index.js:138:11)
    at pass (/Users/nosongyang/nodejs/wedate/node_modules/express/lib/router/index.js:145:5)
    at nextRoute (/Users/nosongyang/nodejs/wedate/node_modules/express/lib/router/index.js:100:7)
    at callbacks (/Users/nosongyang/nodejs/wedate/node_modules/express/lib/router/index.js:167:11)
    at exports.checkNotLogin (/Users/nosongyang/nodejs/wedate/routes/index.js:23:5)
    at callbacks (/Users/nosongyang/nodejs/wedate/node_modules/express/lib/router/index.js:164:37)
    at param (/Users/nosongyang/nodejs/wedate/node_modules/express/lib/router/index.js:138:11)
    at pass (/Users/nosongyang/nodejs/wedate/node_modules/express/lib/router/index.js:145:5)
[Thu Mar 27 2014 17:08:59 GMT+0800 (CST)]/login
TypeError: Cannot read property 'userInfo' of undefined
    at exports.doLogin (/Users/nosongyang/nodejs/wedate/routes/index.js:29:18)
    at callbacks (/Users/nosongyang/nodejs/wedate/node_modules/express/lib/router/index.js:164:37)
    at param (/Users/nosongyang/nodejs/wedate/node_modules/express/lib/router/index.js:138:11)
    at pass (/Users/nosongyang/nodejs/wedate/node_modules/express/lib/router/index.js:145:5)
    at nextRoute (/Users/nosongyang/nodejs/wedate/node_modules/express/lib/router/index.js:100:7)
    at callbacks (/Users/nosongyang/nodejs/wedate/node_modules/express/lib/router/index.js:167:11)
    at exports.checkNotLogin (/Users/nosongyang/nodejs/wedate/routes/index.js:23:5)
    at callbacks (/Users/nosongyang/nodejs/wedate/node_modules/express/lib/router/index.js:164:37)
    at param (/Users/nosongyang/nodejs/wedate/node_modules/express/lib/router/index.js:138:11)
    at pass (/Users/nosongyang/nodejs/wedate/node_modules/express/lib/router/index.js:145:5)
[Thu Mar 27 2014 17:09:00 GMT+0800 (CST)]/login
TypeError: Cannot read property 'userInfo' of undefined
    at exports.doLogin (/Users/nosongyang/nodejs/wedate/routes/index.js:29:18)
    at callbacks (/Users/nosongyang/nodejs/wedate/node_modules/express/lib/router/index.js:164:37)
    at param (/Users/nosongyang/nodejs/wedate/node_modules/express/lib/router/index.js:138:11)
    at pass (/Users/nosongyang/nodejs/wedate/node_modules/express/lib/router/index.js:145:5)
    at nextRoute (/Users/nosongyang/nodejs/wedate/node_modules/express/lib/router/index.js:100:7)
    at callbacks (/Users/nosongyang/nodejs/wedate/node_modules/express/lib/router/index.js:167:11)
    at exports.checkNotLogin (/Users/nosongyang/nodejs/wedate/routes/index.js:23:5)
    at callbacks (/Users/nosongyang/nodejs/wedate/node_modules/express/lib/router/index.js:164:37)
    at param (/Users/nosongyang/nodejs/wedate/node_modules/express/lib/router/index.js:138:11)
    at pass (/Users/nosongyang/nodejs/wedate/node_modules/express/lib/router/index.js:145:5)
[Thu Mar 27 2014 17:10:15 GMT+0800 (CST)]/login
TypeError: Cannot read property 'body' of undefined
    at exports.doLogin (/Users/nosongyang/nodejs/wedate/routes/index.js:30:10)
    at callbacks (/Users/nosongyang/nodejs/wedate/node_modules/express/lib/router/index.js:164:37)
    at param (/Users/nosongyang/nodejs/wedate/node_modules/express/lib/router/index.js:138:11)
    at pass (/Users/nosongyang/nodejs/wedate/node_modules/express/lib/router/index.js:145:5)
    at nextRoute (/Users/nosongyang/nodejs/wedate/node_modules/express/lib/router/index.js:100:7)
    at callbacks (/Users/nosongyang/nodejs/wedate/node_modules/express/lib/router/index.js:167:11)
    at exports.checkNotLogin (/Users/nosongyang/nodejs/wedate/routes/index.js:23:5)
    at callbacks (/Users/nosongyang/nodejs/wedate/node_modules/express/lib/router/index.js:164:37)
    at param (/Users/nosongyang/nodejs/wedate/node_modules/express/lib/router/index.js:138:11)
    at pass (/Users/nosongyang/nodejs/wedate/node_modules/express/lib/router/index.js:145:5)
[Thu Mar 27 2014 17:10:16 GMT+0800 (CST)]/login
TypeError: Cannot read property 'body' of undefined
    at exports.doLogin (/Users/nosongyang/nodejs/wedate/routes/index.js:30:10)
    at callbacks (/Users/nosongyang/nodejs/wedate/node_modules/express/lib/router/index.js:164:37)
    at param (/Users/nosongyang/nodejs/wedate/node_modules/express/lib/router/index.js:138:11)
    at pass (/Users/nosongyang/nodejs/wedate/node_modules/express/lib/router/index.js:145:5)
    at nextRoute (/Users/nosongyang/nodejs/wedate/node_modules/express/lib/router/index.js:100:7)
    at callbacks (/Users/nosongyang/nodejs/wedate/node_modules/express/lib/router/index.js:167:11)
    at exports.checkNotLogin (/Users/nosongyang/nodejs/wedate/routes/index.js:23:5)
    at callbacks (/Users/nosongyang/nodejs/wedate/node_modules/express/lib/router/index.js:164:37)
    at param (/Users/nosongyang/nodejs/wedate/node_modules/express/lib/router/index.js:138:11)
    at pass (/Users/nosongyang/nodejs/wedate/node_modules/express/lib/router/index.js:145:5)
[Thu Mar 27 2014 17:10:16 GMT+0800 (CST)]/login
TypeError: Cannot read property 'body' of undefined
    at exports.doLogin (/Users/nosongyang/nodejs/wedate/routes/index.js:30:10)
    at callbacks (/Users/nosongyang/nodejs/wedate/node_modules/express/lib/router/index.js:164:37)
    at param (/Users/nosongyang/nodejs/wedate/node_modules/express/lib/router/index.js:138:11)
    at pass (/Users/nosongyang/nodejs/wedate/node_modules/express/lib/router/index.js:145:5)
    at nextRoute (/Users/nosongyang/nodejs/wedate/node_modules/express/lib/router/index.js:100:7)
    at callbacks (/Users/nosongyang/nodejs/wedate/node_modules/express/lib/router/index.js:167:11)
    at exports.checkNotLogin (/Users/nosongyang/nodejs/wedate/routes/index.js:23:5)
    at callbacks (/Users/nosongyang/nodejs/wedate/node_modules/express/lib/router/index.js:164:37)
    at param (/Users/nosongyang/nodejs/wedate/node_modules/express/lib/router/index.js:138:11)
    at pass (/Users/nosongyang/nodejs/wedate/node_modules/express/lib/router/index.js:145:5)
[Thu Mar 27 2014 17:10:17 GMT+0800 (CST)]/login
TypeError: Cannot read property 'body' of undefined
    at exports.doLogin (/Users/nosongyang/nodejs/wedate/routes/index.js:30:10)
    at callbacks (/Users/nosongyang/nodejs/wedate/node_modules/express/lib/router/index.js:164:37)
    at param (/Users/nosongyang/nodejs/wedate/node_modules/express/lib/router/index.js:138:11)
    at pass (/Users/nosongyang/nodejs/wedate/node_modules/express/lib/router/index.js:145:5)
    at nextRoute (/Users/nosongyang/nodejs/wedate/node_modules/express/lib/router/index.js:100:7)
    at callbacks (/Users/nosongyang/nodejs/wedate/node_modules/express/lib/router/index.js:167:11)
    at exports.checkNotLogin (/Users/nosongyang/nodejs/wedate/routes/index.js:23:5)
    at callbacks (/Users/nosongyang/nodejs/wedate/node_modules/express/lib/router/index.js:164:37)
    at param (/Users/nosongyang/nodejs/wedate/node_modules/express/lib/router/index.js:138:11)
    at pass (/Users/nosongyang/nodejs/wedate/node_modules/express/lib/router/index.js:145:5)
[Thu Mar 27 2014 17:10:17 GMT+0800 (CST)]/login
TypeError: Cannot read property 'body' of undefined
    at exports.doLogin (/Users/nosongyang/nodejs/wedate/routes/index.js:30:10)
    at callbacks (/Users/nosongyang/nodejs/wedate/node_modules/express/lib/router/index.js:164:37)
    at param (/Users/nosongyang/nodejs/wedate/node_modules/express/lib/router/index.js:138:11)
    at pass (/Users/nosongyang/nodejs/wedate/node_modules/express/lib/router/index.js:145:5)
    at nextRoute (/Users/nosongyang/nodejs/wedate/node_modules/express/lib/router/index.js:100:7)
    at callbacks (/Users/nosongyang/nodejs/wedate/node_modules/express/lib/router/index.js:167:11)
    at exports.checkNotLogin (/Users/nosongyang/nodejs/wedate/routes/index.js:23:5)
    at callbacks (/Users/nosongyang/nodejs/wedate/node_modules/express/lib/router/index.js:164:37)
    at param (/Users/nosongyang/nodejs/wedate/node_modules/express/lib/router/index.js:138:11)
    at pass (/Users/nosongyang/nodejs/wedate/node_modules/express/lib/router/index.js:145:5)
[Thu Mar 27 2014 17:10:17 GMT+0800 (CST)]/login
TypeError: Cannot read property 'body' of undefined
    at exports.doLogin (/Users/nosongyang/nodejs/wedate/routes/index.js:30:10)
    at callbacks (/Users/nosongyang/nodejs/wedate/node_modules/express/lib/router/index.js:164:37)
    at param (/Users/nosongyang/nodejs/wedate/node_modules/express/lib/router/index.js:138:11)
    at pass (/Users/nosongyang/nodejs/wedate/node_modules/express/lib/router/index.js:145:5)
    at nextRoute (/Users/nosongyang/nodejs/wedate/node_modules/express/lib/router/index.js:100:7)
    at callbacks (/Users/nosongyang/nodejs/wedate/node_modules/express/lib/router/index.js:167:11)
    at exports.checkNotLogin (/Users/nosongyang/nodejs/wedate/routes/index.js:23:5)
    at callbacks (/Users/nosongyang/nodejs/wedate/node_modules/express/lib/router/index.js:164:37)
    at param (/Users/nosongyang/nodejs/wedate/node_modules/express/lib/router/index.js:138:11)
    at pass (/Users/nosongyang/nodejs/wedate/node_modules/express/lib/router/index.js:145:5)
[Thu Mar 27 2014 17:10:17 GMT+0800 (CST)]/login
TypeError: Cannot read property 'body' of undefined
    at exports.doLogin (/Users/nosongyang/nodejs/wedate/routes/index.js:30:10)
    at callbacks (/Users/nosongyang/nodejs/wedate/node_modules/express/lib/router/index.js:164:37)
    at param (/Users/nosongyang/nodejs/wedate/node_modules/express/lib/router/index.js:138:11)
    at pass (/Users/nosongyang/nodejs/wedate/node_modules/express/lib/router/index.js:145:5)
    at nextRoute (/Users/nosongyang/nodejs/wedate/node_modules/express/lib/router/index.js:100:7)
    at callbacks (/Users/nosongyang/nodejs/wedate/node_modules/express/lib/router/index.js:167:11)
    at exports.checkNotLogin (/Users/nosongyang/nodejs/wedate/routes/index.js:23:5)
    at callbacks (/Users/nosongyang/nodejs/wedate/node_modules/express/lib/router/index.js:164:37)
    at param (/Users/nosongyang/nodejs/wedate/node_modules/express/lib/router/index.js:138:11)
    at pass (/Users/nosongyang/nodejs/wedate/node_modules/express/lib/router/index.js:145:5)
[Thu Mar 27 2014 17:10:18 GMT+0800 (CST)]/login
TypeError: Cannot read property 'body' of undefined
    at exports.doLogin (/Users/nosongyang/nodejs/wedate/routes/index.js:30:10)
    at callbacks (/Users/nosongyang/nodejs/wedate/node_modules/express/lib/router/index.js:164:37)
    at param (/Users/nosongyang/nodejs/wedate/node_modules/express/lib/router/index.js:138:11)
    at pass (/Users/nosongyang/nodejs/wedate/node_modules/express/lib/router/index.js:145:5)
    at nextRoute (/Users/nosongyang/nodejs/wedate/node_modules/express/lib/router/index.js:100:7)
    at callbacks (/Users/nosongyang/nodejs/wedate/node_modules/express/lib/router/index.js:167:11)
    at exports.checkNotLogin (/Users/nosongyang/nodejs/wedate/routes/index.js:23:5)
    at callbacks (/Users/nosongyang/nodejs/wedate/node_modules/express/lib/router/index.js:164:37)
    at param (/Users/nosongyang/nodejs/wedate/node_modules/express/lib/router/index.js:138:11)
    at pass (/Users/nosongyang/nodejs/wedate/node_modules/express/lib/router/index.js:145:5)
[Thu Mar 27 2014 17:10:18 GMT+0800 (CST)]/login
TypeError: Cannot read property 'body' of undefined
    at exports.doLogin (/Users/nosongyang/nodejs/wedate/routes/index.js:30:10)
    at callbacks (/Users/nosongyang/nodejs/wedate/node_modules/express/lib/router/index.js:164:37)
    at param (/Users/nosongyang/nodejs/wedate/node_modules/express/lib/router/index.js:138:11)
    at pass (/Users/nosongyang/nodejs/wedate/node_modules/express/lib/router/index.js:145:5)
    at nextRoute (/Users/nosongyang/nodejs/wedate/node_modules/express/lib/router/index.js:100:7)
    at callbacks (/Users/nosongyang/nodejs/wedate/node_modules/express/lib/router/index.js:167:11)
    at exports.checkNotLogin (/Users/nosongyang/nodejs/wedate/routes/index.js:23:5)
    at callbacks (/Users/nosongyang/nodejs/wedate/node_modules/express/lib/router/index.js:164:37)
    at param (/Users/nosongyang/nodejs/wedate/node_modules/express/lib/router/index.js:138:11)
    at pass (/Users/nosongyang/nodejs/wedate/node_modules/express/lib/router/index.js:145:5)
[Thu Mar 27 2014 17:10:18 GMT+0800 (CST)]/login
TypeError: Cannot read property 'body' of undefined
    at exports.doLogin (/Users/nosongyang/nodejs/wedate/routes/index.js:30:10)
    at callbacks (/Users/nosongyang/nodejs/wedate/node_modules/express/lib/router/index.js:164:37)
    at param (/Users/nosongyang/nodejs/wedate/node_modules/express/lib/router/index.js:138:11)
    at pass (/Users/nosongyang/nodejs/wedate/node_modules/express/lib/router/index.js:145:5)
    at nextRoute (/Users/nosongyang/nodejs/wedate/node_modules/express/lib/router/index.js:100:7)
    at callbacks (/Users/nosongyang/nodejs/wedate/node_modules/express/lib/router/index.js:167:11)
    at exports.checkNotLogin (/Users/nosongyang/nodejs/wedate/routes/index.js:23:5)
    at callbacks (/Users/nosongyang/nodejs/wedate/node_modules/express/lib/router/index.js:164:37)
    at param (/Users/nosongyang/nodejs/wedate/node_modules/express/lib/router/index.js:138:11)
    at pass (/Users/nosongyang/nodejs/wedate/node_modules/express/lib/router/index.js:145:5)
[Thu Mar 27 2014 17:15:41 GMT+0800 (CST)]/login
TypeError: Cannot read property 'body' of undefined
    at exports.doLogin (/Users/nosongyang/nodejs/wedate/routes/index.js:34:10)
    at callbacks (/Users/nosongyang/nodejs/wedate/node_modules/express/lib/router/index.js:164:37)
    at param (/Users/nosongyang/nodejs/wedate/node_modules/express/lib/router/index.js:138:11)
    at pass (/Users/nosongyang/nodejs/wedate/node_modules/express/lib/router/index.js:145:5)
    at nextRoute (/Users/nosongyang/nodejs/wedate/node_modules/express/lib/router/index.js:100:7)
    at callbacks (/Users/nosongyang/nodejs/wedate/node_modules/express/lib/router/index.js:167:11)
    at exports.checkNotLogin (/Users/nosongyang/nodejs/wedate/routes/index.js:23:5)
    at callbacks (/Users/nosongyang/nodejs/wedate/node_modules/express/lib/router/index.js:164:37)
    at param (/Users/nosongyang/nodejs/wedate/node_modules/express/lib/router/index.js:138:11)
    at pass (/Users/nosongyang/nodejs/wedate/node_modules/express/lib/router/index.js:145:5)
[Thu Mar 27 2014 17:16:06 GMT+0800 (CST)]/login
ReferenceError: query is not defined
    at exports.doLogin (/Users/nosongyang/nodejs/wedate/routes/index.js:33:14)
    at callbacks (/Users/nosongyang/nodejs/wedate/node_modules/express/lib/router/index.js:164:37)
    at param (/Users/nosongyang/nodejs/wedate/node_modules/express/lib/router/index.js:138:11)
    at pass (/Users/nosongyang/nodejs/wedate/node_modules/express/lib/router/index.js:145:5)
    at nextRoute (/Users/nosongyang/nodejs/wedate/node_modules/express/lib/router/index.js:100:7)
    at callbacks (/Users/nosongyang/nodejs/wedate/node_modules/express/lib/router/index.js:167:11)
    at exports.checkNotLogin (/Users/nosongyang/nodejs/wedate/routes/index.js:23:5)
    at callbacks (/Users/nosongyang/nodejs/wedate/node_modules/express/lib/router/index.js:164:37)
    at param (/Users/nosongyang/nodejs/wedate/node_modules/express/lib/router/index.js:138:11)
    at pass (/Users/nosongyang/nodejs/wedate/node_modules/express/lib/router/index.js:145:5)
[Thu Mar 27 2014 17:16:45 GMT+0800 (CST)]/login
ReferenceError: query is not defined
    at exports.doLogin (/Users/nosongyang/nodejs/wedate/routes/index.js:33:14)
    at callbacks (/Users/nosongyang/nodejs/wedate/node_modules/express/lib/router/index.js:164:37)
    at param (/Users/nosongyang/nodejs/wedate/node_modules/express/lib/router/index.js:138:11)
    at pass (/Users/nosongyang/nodejs/wedate/node_modules/express/lib/router/index.js:145:5)
    at nextRoute (/Users/nosongyang/nodejs/wedate/node_modules/express/lib/router/index.js:100:7)
    at callbacks (/Users/nosongyang/nodejs/wedate/node_modules/express/lib/router/index.js:167:11)
    at exports.checkNotLogin (/Users/nosongyang/nodejs/wedate/routes/index.js:23:5)
    at callbacks (/Users/nosongyang/nodejs/wedate/node_modules/express/lib/router/index.js:164:37)
    at param (/Users/nosongyang/nodejs/wedate/node_modules/express/lib/router/index.js:138:11)
    at pass (/Users/nosongyang/nodejs/wedate/node_modules/express/lib/router/index.js:145:5)
[Thu Mar 27 2014 17:16:57 GMT+0800 (CST)]/login
ReferenceError: query is not defined
    at exports.doLogin (/Users/nosongyang/nodejs/wedate/routes/index.js:33:14)
    at callbacks (/Users/nosongyang/nodejs/wedate/node_modules/express/lib/router/index.js:164:37)
    at param (/Users/nosongyang/nodejs/wedate/node_modules/express/lib/router/index.js:138:11)
    at pass (/Users/nosongyang/nodejs/wedate/node_modules/express/lib/router/index.js:145:5)
    at nextRoute (/Users/nosongyang/nodejs/wedate/node_modules/express/lib/router/index.js:100:7)
    at callbacks (/Users/nosongyang/nodejs/wedate/node_modules/express/lib/router/index.js:167:11)
    at exports.checkNotLogin (/Users/nosongyang/nodejs/wedate/routes/index.js:23:5)
    at callbacks (/Users/nosongyang/nodejs/wedate/node_modules/express/lib/router/index.js:164:37)
    at param (/Users/nosongyang/nodejs/wedate/node_modules/express/lib/router/index.js:138:11)
    at pass (/Users/nosongyang/nodejs/wedate/node_modules/express/lib/router/index.js:145:5)
[Thu Mar 27 2014 17:18:04 GMT+0800 (CST)]/login
ReferenceError: query is not defined
    at exports.doLogin (/Users/nosongyang/nodejs/wedate/routes/index.js:33:14)
    at callbacks (/Users/nosongyang/nodejs/wedate/node_modules/express/lib/router/index.js:164:37)
    at param (/Users/nosongyang/nodejs/wedate/node_modules/express/lib/router/index.js:138:11)
    at pass (/Users/nosongyang/nodejs/wedate/node_modules/express/lib/router/index.js:145:5)
    at nextRoute (/Users/nosongyang/nodejs/wedate/node_modules/express/lib/router/index.js:100:7)
    at callbacks (/Users/nosongyang/nodejs/wedate/node_modules/express/lib/router/index.js:167:11)
    at exports.checkNotLogin (/Users/nosongyang/nodejs/wedate/routes/index.js:23:5)
    at callbacks (/Users/nosongyang/nodejs/wedate/node_modules/express/lib/router/index.js:164:37)
    at param (/Users/nosongyang/nodejs/wedate/node_modules/express/lib/router/index.js:138:11)
    at pass (/Users/nosongyang/nodejs/wedate/node_modules/express/lib/router/index.js:145:5)
[Thu Mar 27 2014 17:18:25 GMT+0800 (CST)]/login
Error: no open connections
    at Db._executeQueryCommand (/Users/nosongyang/nodejs/wedate/node_modules/mongodb/lib/mongodb/db.js:1802:21)
    at Cursor.nextObject (/Users/nosongyang/nodejs/wedate/node_modules/mongodb/lib/mongodb/cursor.js:729:13)
    at Cursor.nextObject (/Users/nosongyang/nodejs/wedate/node_modules/mongodb/lib/mongodb/scope.js:22:20)
    at Collection.findOne (/Users/nosongyang/nodejs/wedate/node_modules/mongodb/lib/mongodb/collection/query.js:145:10)
    at /Users/nosongyang/nodejs/wedate/node_modules/connect-mongo/lib/connect-mongo.js:212:18
    at MongoStore._get_collection (/Users/nosongyang/nodejs/wedate/node_modules/connect-mongo/lib/connect-mongo.js:148:21)
    at MongoStore.get (/Users/nosongyang/nodejs/wedate/node_modules/connect-mongo/lib/connect-mongo.js:211:10)
    at Object.session [as handle] (/Users/nosongyang/nodejs/wedate/node_modules/express/node_modules/connect/lib/middleware/session.js:311:11)
    at next (/Users/nosongyang/nodejs/wedate/node_modules/express/node_modules/connect/lib/proto.js:193:15)
    at Object.cookieParser [as handle] (/Users/nosongyang/nodejs/wedate/node_modules/express/node_modules/connect/lib/middleware/cookieParser.js:65:5)
[Thu Mar 27 2014 17:18:32 GMT+0800 (CST)]/login
Error: no open connections
    at Db._executeQueryCommand (/Users/nosongyang/nodejs/wedate/node_modules/mongodb/lib/mongodb/db.js:1802:21)
    at Cursor.nextObject (/Users/nosongyang/nodejs/wedate/node_modules/mongodb/lib/mongodb/cursor.js:729:13)
    at Cursor.nextObject (/Users/nosongyang/nodejs/wedate/node_modules/mongodb/lib/mongodb/scope.js:22:20)
    at Collection.findOne (/Users/nosongyang/nodejs/wedate/node_modules/mongodb/lib/mongodb/collection/query.js:145:10)
    at /Users/nosongyang/nodejs/wedate/node_modules/connect-mongo/lib/connect-mongo.js:212:18
    at MongoStore._get_collection (/Users/nosongyang/nodejs/wedate/node_modules/connect-mongo/lib/connect-mongo.js:148:21)
    at MongoStore.get (/Users/nosongyang/nodejs/wedate/node_modules/connect-mongo/lib/connect-mongo.js:211:10)
    at Object.session [as handle] (/Users/nosongyang/nodejs/wedate/node_modules/express/node_modules/connect/lib/middleware/session.js:311:11)
    at next (/Users/nosongyang/nodejs/wedate/node_modules/express/node_modules/connect/lib/proto.js:193:15)
    at Object.cookieParser [as handle] (/Users/nosongyang/nodejs/wedate/node_modules/express/node_modules/connect/lib/middleware/cookieParser.js:65:5)
[Thu Mar 27 2014 17:20:03 GMT+0800 (CST)]/login
Error: no open connections
    at Db._executeQueryCommand (/Users/nosongyang/nodejs/wedate/node_modules/mongodb/lib/mongodb/db.js:1802:21)
    at Cursor.nextObject (/Users/nosongyang/nodejs/wedate/node_modules/mongodb/lib/mongodb/cursor.js:729:13)
    at Cursor.nextObject (/Users/nosongyang/nodejs/wedate/node_modules/mongodb/lib/mongodb/scope.js:22:20)
    at Collection.findOne (/Users/nosongyang/nodejs/wedate/node_modules/mongodb/lib/mongodb/collection/query.js:145:10)
    at /Users/nosongyang/nodejs/wedate/node_modules/connect-mongo/lib/connect-mongo.js:212:18
    at MongoStore._get_collection (/Users/nosongyang/nodejs/wedate/node_modules/connect-mongo/lib/connect-mongo.js:148:21)
    at MongoStore.get (/Users/nosongyang/nodejs/wedate/node_modules/connect-mongo/lib/connect-mongo.js:211:10)
    at Object.session [as handle] (/Users/nosongyang/nodejs/wedate/node_modules/express/node_modules/connect/lib/middleware/session.js:311:11)
    at next (/Users/nosongyang/nodejs/wedate/node_modules/express/node_modules/connect/lib/proto.js:193:15)
    at Object.cookieParser [as handle] (/Users/nosongyang/nodejs/wedate/node_modules/express/node_modules/connect/lib/middleware/cookieParser.js:65:5)
[Thu Mar 27 2014 17:21:31 GMT+0800 (CST)]/login
Error: no open connections
    at Db._executeQueryCommand (/Users/nosongyang/nodejs/wedate/node_modules/mongodb/lib/mongodb/db.js:1802:21)
    at Cursor.nextObject (/Users/nosongyang/nodejs/wedate/node_modules/mongodb/lib/mongodb/cursor.js:729:13)
    at Cursor.nextObject (/Users/nosongyang/nodejs/wedate/node_modules/mongodb/lib/mongodb/scope.js:22:20)
    at Collection.findOne (/Users/nosongyang/nodejs/wedate/node_modules/mongodb/lib/mongodb/collection/query.js:145:10)
    at /Users/nosongyang/nodejs/wedate/node_modules/connect-mongo/lib/connect-mongo.js:212:18
    at MongoStore._get_collection (/Users/nosongyang/nodejs/wedate/node_modules/connect-mongo/lib/connect-mongo.js:148:21)
    at MongoStore.get (/Users/nosongyang/nodejs/wedate/node_modules/connect-mongo/lib/connect-mongo.js:211:10)
    at Object.session [as handle] (/Users/nosongyang/nodejs/wedate/node_modules/express/node_modules/connect/lib/middleware/session.js:311:11)
    at next (/Users/nosongyang/nodejs/wedate/node_modules/express/node_modules/connect/lib/proto.js:193:15)
    at Object.cookieParser [as handle] (/Users/nosongyang/nodejs/wedate/node_modules/express/node_modules/connect/lib/middleware/cookieParser.js:65:5)
[Thu Mar 27 2014 17:21:32 GMT+0800 (CST)]/login
Error: no open connections
    at Db._executeQueryCommand (/Users/nosongyang/nodejs/wedate/node_modules/mongodb/lib/mongodb/db.js:1802:21)
    at Cursor.nextObject (/Users/nosongyang/nodejs/wedate/node_modules/mongodb/lib/mongodb/cursor.js:729:13)
    at Cursor.nextObject (/Users/nosongyang/nodejs/wedate/node_modules/mongodb/lib/mongodb/scope.js:22:20)
    at Collection.findOne (/Users/nosongyang/nodejs/wedate/node_modules/mongodb/lib/mongodb/collection/query.js:145:10)
    at /Users/nosongyang/nodejs/wedate/node_modules/connect-mongo/lib/connect-mongo.js:212:18
    at MongoStore._get_collection (/Users/nosongyang/nodejs/wedate/node_modules/connect-mongo/lib/connect-mongo.js:148:21)
    at MongoStore.get (/Users/nosongyang/nodejs/wedate/node_modules/connect-mongo/lib/connect-mongo.js:211:10)
    at Object.session [as handle] (/Users/nosongyang/nodejs/wedate/node_modules/express/node_modules/connect/lib/middleware/session.js:311:11)
    at next (/Users/nosongyang/nodejs/wedate/node_modules/express/node_modules/connect/lib/proto.js:193:15)
    at Object.cookieParser [as handle] (/Users/nosongyang/nodejs/wedate/node_modules/express/node_modules/connect/lib/middleware/cookieParser.js:65:5)
[Thu Mar 27 2014 17:21:32 GMT+0800 (CST)]/login
Error: no open connections
    at Db._executeQueryCommand (/Users/nosongyang/nodejs/wedate/node_modules/mongodb/lib/mongodb/db.js:1802:21)
    at Cursor.nextObject (/Users/nosongyang/nodejs/wedate/node_modules/mongodb/lib/mongodb/cursor.js:729:13)
    at Cursor.nextObject (/Users/nosongyang/nodejs/wedate/node_modules/mongodb/lib/mongodb/scope.js:22:20)
    at Collection.findOne (/Users/nosongyang/nodejs/wedate/node_modules/mongodb/lib/mongodb/collection/query.js:145:10)
    at /Users/nosongyang/nodejs/wedate/node_modules/connect-mongo/lib/connect-mongo.js:212:18
    at MongoStore._get_collection (/Users/nosongyang/nodejs/wedate/node_modules/connect-mongo/lib/connect-mongo.js:148:21)
    at MongoStore.get (/Users/nosongyang/nodejs/wedate/node_modules/connect-mongo/lib/connect-mongo.js:211:10)
    at Object.session [as handle] (/Users/nosongyang/nodejs/wedate/node_modules/express/node_modules/connect/lib/middleware/session.js:311:11)
    at next (/Users/nosongyang/nodejs/wedate/node_modules/express/node_modules/connect/lib/proto.js:193:15)
    at Object.cookieParser [as handle] (/Users/nosongyang/nodejs/wedate/node_modules/express/node_modules/connect/lib/middleware/cookieParser.js:65:5)
[Thu Mar 27 2014 17:21:33 GMT+0800 (CST)]/login
Error: no open connections
    at Db._executeQueryCommand (/Users/nosongyang/nodejs/wedate/node_modules/mongodb/lib/mongodb/db.js:1802:21)
    at Cursor.nextObject (/Users/nosongyang/nodejs/wedate/node_modules/mongodb/lib/mongodb/cursor.js:729:13)
    at Cursor.nextObject (/Users/nosongyang/nodejs/wedate/node_modules/mongodb/lib/mongodb/scope.js:22:20)
    at Collection.findOne (/Users/nosongyang/nodejs/wedate/node_modules/mongodb/lib/mongodb/collection/query.js:145:10)
    at /Users/nosongyang/nodejs/wedate/node_modules/connect-mongo/lib/connect-mongo.js:212:18
    at MongoStore._get_collection (/Users/nosongyang/nodejs/wedate/node_modules/connect-mongo/lib/connect-mongo.js:148:21)
    at MongoStore.get (/Users/nosongyang/nodejs/wedate/node_modules/connect-mongo/lib/connect-mongo.js:211:10)
    at Object.session [as handle] (/Users/nosongyang/nodejs/wedate/node_modules/express/node_modules/connect/lib/middleware/session.js:311:11)
    at next (/Users/nosongyang/nodejs/wedate/node_modules/express/node_modules/connect/lib/proto.js:193:15)
    at Object.cookieParser [as handle] (/Users/nosongyang/nodejs/wedate/node_modules/express/node_modules/connect/lib/middleware/cookieParser.js:65:5)
[Thu Mar 27 2014 17:21:34 GMT+0800 (CST)]/login
Error: no open connections
    at Db._executeQueryCommand (/Users/nosongyang/nodejs/wedate/node_modules/mongodb/lib/mongodb/db.js:1802:21)
    at Cursor.nextObject (/Users/nosongyang/nodejs/wedate/node_modules/mongodb/lib/mongodb/cursor.js:729:13)
    at Cursor.nextObject (/Users/nosongyang/nodejs/wedate/node_modules/mongodb/lib/mongodb/scope.js:22:20)
    at Collection.findOne (/Users/nosongyang/nodejs/wedate/node_modules/mongodb/lib/mongodb/collection/query.js:145:10)
    at /Users/nosongyang/nodejs/wedate/node_modules/connect-mongo/lib/connect-mongo.js:212:18
    at MongoStore._get_collection (/Users/nosongyang/nodejs/wedate/node_modules/connect-mongo/lib/connect-mongo.js:148:21)
    at MongoStore.get (/Users/nosongyang/nodejs/wedate/node_modules/connect-mongo/lib/connect-mongo.js:211:10)
    at Object.session [as handle] (/Users/nosongyang/nodejs/wedate/node_modules/express/node_modules/connect/lib/middleware/session.js:311:11)
    at next (/Users/nosongyang/nodejs/wedate/node_modules/express/node_modules/connect/lib/proto.js:193:15)
    at Object.cookieParser [as handle] (/Users/nosongyang/nodejs/wedate/node_modules/express/node_modules/connect/lib/middleware/cookieParser.js:65:5)
[Thu Mar 27 2014 17:22:57 GMT+0800 (CST)]/login
ReferenceError: query is not defined
    at exports.doLogin (/Users/nosongyang/nodejs/wedate/routes/index.js:32:14)
    at callbacks (/Users/nosongyang/nodejs/wedate/node_modules/express/lib/router/index.js:164:37)
    at param (/Users/nosongyang/nodejs/wedate/node_modules/express/lib/router/index.js:138:11)
    at pass (/Users/nosongyang/nodejs/wedate/node_modules/express/lib/router/index.js:145:5)
    at nextRoute (/Users/nosongyang/nodejs/wedate/node_modules/express/lib/router/index.js:100:7)
    at callbacks (/Users/nosongyang/nodejs/wedate/node_modules/express/lib/router/index.js:167:11)
    at exports.checkNotLogin (/Users/nosongyang/nodejs/wedate/routes/index.js:23:5)
    at callbacks (/Users/nosongyang/nodejs/wedate/node_modules/express/lib/router/index.js:164:37)
    at param (/Users/nosongyang/nodejs/wedate/node_modules/express/lib/router/index.js:138:11)
    at pass (/Users/nosongyang/nodejs/wedate/node_modules/express/lib/router/index.js:145:5)
[Thu Mar 27 2014 17:22:58 GMT+0800 (CST)]/login
ReferenceError: query is not defined
    at exports.doLogin (/Users/nosongyang/nodejs/wedate/routes/index.js:32:14)
    at callbacks (/Users/nosongyang/nodejs/wedate/node_modules/express/lib/router/index.js:164:37)
    at param (/Users/nosongyang/nodejs/wedate/node_modules/express/lib/router/index.js:138:11)
    at pass (/Users/nosongyang/nodejs/wedate/node_modules/express/lib/router/index.js:145:5)
    at nextRoute (/Users/nosongyang/nodejs/wedate/node_modules/express/lib/router/index.js:100:7)
    at callbacks (/Users/nosongyang/nodejs/wedate/node_modules/express/lib/router/index.js:167:11)
    at exports.checkNotLogin (/Users/nosongyang/nodejs/wedate/routes/index.js:23:5)
    at callbacks (/Users/nosongyang/nodejs/wedate/node_modules/express/lib/router/index.js:164:37)
    at param (/Users/nosongyang/nodejs/wedate/node_modules/express/lib/router/index.js:138:11)
    at pass (/Users/nosongyang/nodejs/wedate/node_modules/express/lib/router/index.js:145:5)
[Thu Mar 27 2014 17:22:59 GMT+0800 (CST)]/login
ReferenceError: query is not defined
    at exports.doLogin (/Users/nosongyang/nodejs/wedate/routes/index.js:32:14)
    at callbacks (/Users/nosongyang/nodejs/wedate/node_modules/express/lib/router/index.js:164:37)
    at param (/Users/nosongyang/nodejs/wedate/node_modules/express/lib/router/index.js:138:11)
    at pass (/Users/nosongyang/nodejs/wedate/node_modules/express/lib/router/index.js:145:5)
    at nextRoute (/Users/nosongyang/nodejs/wedate/node_modules/express/lib/router/index.js:100:7)
    at callbacks (/Users/nosongyang/nodejs/wedate/node_modules/express/lib/router/index.js:167:11)
    at exports.checkNotLogin (/Users/nosongyang/nodejs/wedate/routes/index.js:23:5)
    at callbacks (/Users/nosongyang/nodejs/wedate/node_modules/express/lib/router/index.js:164:37)
    at param (/Users/nosongyang/nodejs/wedate/node_modules/express/lib/router/index.js:138:11)
    at pass (/Users/nosongyang/nodejs/wedate/node_modules/express/lib/router/index.js:145:5)
[Thu Mar 27 2014 17:22:59 GMT+0800 (CST)]/login
ReferenceError: query is not defined
    at exports.doLogin (/Users/nosongyang/nodejs/wedate/routes/index.js:32:14)
    at callbacks (/Users/nosongyang/nodejs/wedate/node_modules/express/lib/router/index.js:164:37)
    at param (/Users/nosongyang/nodejs/wedate/node_modules/express/lib/router/index.js:138:11)
    at pass (/Users/nosongyang/nodejs/wedate/node_modules/express/lib/router/index.js:145:5)
    at nextRoute (/Users/nosongyang/nodejs/wedate/node_modules/express/lib/router/index.js:100:7)
    at callbacks (/Users/nosongyang/nodejs/wedate/node_modules/express/lib/router/index.js:167:11)
    at exports.checkNotLogin (/Users/nosongyang/nodejs/wedate/routes/index.js:23:5)
    at callbacks (/Users/nosongyang/nodejs/wedate/node_modules/express/lib/router/index.js:164:37)
    at param (/Users/nosongyang/nodejs/wedate/node_modules/express/lib/router/index.js:138:11)
    at pass (/Users/nosongyang/nodejs/wedate/node_modules/express/lib/router/index.js:145:5)
[Thu Mar 27 2014 17:28:00 GMT+0800 (CST)]/login
ReferenceError: query is not defined
    at exports.doLogin (/Users/nosongyang/nodejs/wedate/routes/index.js:32:21)
    at callbacks (/Users/nosongyang/nodejs/wedate/node_modules/express/lib/router/index.js:164:37)
    at param (/Users/nosongyang/nodejs/wedate/node_modules/express/lib/router/index.js:138:11)
    at pass (/Users/nosongyang/nodejs/wedate/node_modules/express/lib/router/index.js:145:5)
    at nextRoute (/Users/nosongyang/nodejs/wedate/node_modules/express/lib/router/index.js:100:7)
    at callbacks (/Users/nosongyang/nodejs/wedate/node_modules/express/lib/router/index.js:167:11)
    at exports.checkNotLogin (/Users/nosongyang/nodejs/wedate/routes/index.js:23:5)
    at callbacks (/Users/nosongyang/nodejs/wedate/node_modules/express/lib/router/index.js:164:37)
    at param (/Users/nosongyang/nodejs/wedate/node_modules/express/lib/router/index.js:138:11)
    at pass (/Users/nosongyang/nodejs/wedate/node_modules/express/lib/router/index.js:145:5)
[Thu Mar 27 2014 17:28:01 GMT+0800 (CST)]/login
ReferenceError: query is not defined
    at exports.doLogin (/Users/nosongyang/nodejs/wedate/routes/index.js:32:21)
    at callbacks (/Users/nosongyang/nodejs/wedate/node_modules/express/lib/router/index.js:164:37)
    at param (/Users/nosongyang/nodejs/wedate/node_modules/express/lib/router/index.js:138:11)
    at pass (/Users/nosongyang/nodejs/wedate/node_modules/express/lib/router/index.js:145:5)
    at nextRoute (/Users/nosongyang/nodejs/wedate/node_modules/express/lib/router/index.js:100:7)
    at callbacks (/Users/nosongyang/nodejs/wedate/node_modules/express/lib/router/index.js:167:11)
    at exports.checkNotLogin (/Users/nosongyang/nodejs/wedate/routes/index.js:23:5)
    at callbacks (/Users/nosongyang/nodejs/wedate/node_modules/express/lib/router/index.js:164:37)
    at param (/Users/nosongyang/nodejs/wedate/node_modules/express/lib/router/index.js:138:11)
    at pass (/Users/nosongyang/nodejs/wedate/node_modules/express/lib/router/index.js:145:5)
[Thu Mar 27 2014 17:28:01 GMT+0800 (CST)]/login
ReferenceError: query is not defined
    at exports.doLogin (/Users/nosongyang/nodejs/wedate/routes/index.js:32:21)
    at callbacks (/Users/nosongyang/nodejs/wedate/node_modules/express/lib/router/index.js:164:37)
    at param (/Users/nosongyang/nodejs/wedate/node_modules/express/lib/router/index.js:138:11)
    at pass (/Users/nosongyang/nodejs/wedate/node_modules/express/lib/router/index.js:145:5)
    at nextRoute (/Users/nosongyang/nodejs/wedate/node_modules/express/lib/router/index.js:100:7)
    at callbacks (/Users/nosongyang/nodejs/wedate/node_modules/express/lib/router/index.js:167:11)
    at exports.checkNotLogin (/Users/nosongyang/nodejs/wedate/routes/index.js:23:5)
    at callbacks (/Users/nosongyang/nodejs/wedate/node_modules/express/lib/router/index.js:164:37)
    at param (/Users/nosongyang/nodejs/wedate/node_modules/express/lib/router/index.js:138:11)
    at pass (/Users/nosongyang/nodejs/wedate/node_modules/express/lib/router/index.js:145:5)
[Thu Mar 27 2014 17:28:01 GMT+0800 (CST)]/login
ReferenceError: query is not defined
    at exports.doLogin (/Users/nosongyang/nodejs/wedate/routes/index.js:32:21)
    at callbacks (/Users/nosongyang/nodejs/wedate/node_modules/express/lib/router/index.js:164:37)
    at param (/Users/nosongyang/nodejs/wedate/node_modules/express/lib/router/index.js:138:11)
    at pass (/Users/nosongyang/nodejs/wedate/node_modules/express/lib/router/index.js:145:5)
    at nextRoute (/Users/nosongyang/nodejs/wedate/node_modules/express/lib/router/index.js:100:7)
    at callbacks (/Users/nosongyang/nodejs/wedate/node_modules/express/lib/router/index.js:167:11)
    at exports.checkNotLogin (/Users/nosongyang/nodejs/wedate/routes/index.js:23:5)
    at callbacks (/Users/nosongyang/nodejs/wedate/node_modules/express/lib/router/index.js:164:37)
    at param (/Users/nosongyang/nodejs/wedate/node_modules/express/lib/router/index.js:138:11)
    at pass (/Users/nosongyang/nodejs/wedate/node_modules/express/lib/router/index.js:145:5)
[Thu Mar 27 2014 17:28:01 GMT+0800 (CST)]/login
ReferenceError: query is not defined
    at exports.doLogin (/Users/nosongyang/nodejs/wedate/routes/index.js:32:21)
    at callbacks (/Users/nosongyang/nodejs/wedate/node_modules/express/lib/router/index.js:164:37)
    at param (/Users/nosongyang/nodejs/wedate/node_modules/express/lib/router/index.js:138:11)
    at pass (/Users/nosongyang/nodejs/wedate/node_modules/express/lib/router/index.js:145:5)
    at nextRoute (/Users/nosongyang/nodejs/wedate/node_modules/express/lib/router/index.js:100:7)
    at callbacks (/Users/nosongyang/nodejs/wedate/node_modules/express/lib/router/index.js:167:11)
    at exports.checkNotLogin (/Users/nosongyang/nodejs/wedate/routes/index.js:23:5)
    at callbacks (/Users/nosongyang/nodejs/wedate/node_modules/express/lib/router/index.js:164:37)
    at param (/Users/nosongyang/nodejs/wedate/node_modules/express/lib/router/index.js:138:11)
    at pass (/Users/nosongyang/nodejs/wedate/node_modules/express/lib/router/index.js:145:5)
[Thu Mar 27 2014 17:28:01 GMT+0800 (CST)]/login
ReferenceError: query is not defined
    at exports.doLogin (/Users/nosongyang/nodejs/wedate/routes/index.js:32:21)
    at callbacks (/Users/nosongyang/nodejs/wedate/node_modules/express/lib/router/index.js:164:37)
    at param (/Users/nosongyang/nodejs/wedate/node_modules/express/lib/router/index.js:138:11)
    at pass (/Users/nosongyang/nodejs/wedate/node_modules/express/lib/router/index.js:145:5)
    at nextRoute (/Users/nosongyang/nodejs/wedate/node_modules/express/lib/router/index.js:100:7)
    at callbacks (/Users/nosongyang/nodejs/wedate/node_modules/express/lib/router/index.js:167:11)
    at exports.checkNotLogin (/Users/nosongyang/nodejs/wedate/routes/index.js:23:5)
    at callbacks (/Users/nosongyang/nodejs/wedate/node_modules/express/lib/router/index.js:164:37)
    at param (/Users/nosongyang/nodejs/wedate/node_modules/express/lib/router/index.js:138:11)
    at pass (/Users/nosongyang/nodejs/wedate/node_modules/express/lib/router/index.js:145:5)
[Fri Mar 28 2014 10:57:07 GMT+0800 (CST)]/test
Error: db object already connecting, open cannot be called multiple times
    at Db.open (/Users/nosongyang/nodejs/wedate/node_modules/mongodb/lib/mongodb/db.js:246:11)
    at Function.User.test (/Users/nosongyang/nodejs/wedate/models/user.js:194:13)
    at exports.test (/Users/nosongyang/nodejs/wedate/routes/index.js:76:10)
    at callbacks (/Users/nosongyang/nodejs/wedate/node_modules/express/lib/router/index.js:164:37)
    at param (/Users/nosongyang/nodejs/wedate/node_modules/express/lib/router/index.js:138:11)
    at pass (/Users/nosongyang/nodejs/wedate/node_modules/express/lib/router/index.js:145:5)
    at Router._dispatch (/Users/nosongyang/nodejs/wedate/node_modules/express/lib/router/index.js:173:5)
    at Object.router (/Users/nosongyang/nodejs/wedate/node_modules/express/lib/router/index.js:33:10)
    at next (/Users/nosongyang/nodejs/wedate/node_modules/express/node_modules/connect/lib/proto.js:193:15)
    at Object.session [as handle] (/Users/nosongyang/nodejs/wedate/node_modules/express/node_modules/connect/lib/middleware/session.js:304:7)
[Fri Mar 28 2014 10:57:21 GMT+0800 (CST)]/test
Error: db object already connecting, open cannot be called multiple times
    at Db.open (/Users/nosongyang/nodejs/wedate/node_modules/mongodb/lib/mongodb/db.js:246:11)
    at Function.User.test (/Users/nosongyang/nodejs/wedate/models/user.js:194:13)
    at exports.test (/Users/nosongyang/nodejs/wedate/routes/index.js:76:10)
    at callbacks (/Users/nosongyang/nodejs/wedate/node_modules/express/lib/router/index.js:164:37)
    at param (/Users/nosongyang/nodejs/wedate/node_modules/express/lib/router/index.js:138:11)
    at pass (/Users/nosongyang/nodejs/wedate/node_modules/express/lib/router/index.js:145:5)
    at Router._dispatch (/Users/nosongyang/nodejs/wedate/node_modules/express/lib/router/index.js:173:5)
    at Object.router (/Users/nosongyang/nodejs/wedate/node_modules/express/lib/router/index.js:33:10)
    at next (/Users/nosongyang/nodejs/wedate/node_modules/express/node_modules/connect/lib/proto.js:193:15)
    at Object.session [as handle] (/Users/nosongyang/nodejs/wedate/node_modules/express/node_modules/connect/lib/middleware/session.js:304:7)
[Fri Apr 04 2014 17:05:24 GMT+0800 (CST)]/password
TypeError: Cannot read property 'password' of undefined
    at exports.password (/Users/nosongyang/nodejs/wedate/routes/index.js:187:141)
    at callbacks (/Users/nosongyang/nodejs/wedate/node_modules/express/lib/router/index.js:164:37)
    at param (/Users/nosongyang/nodejs/wedate/node_modules/express/lib/router/index.js:138:11)
    at pass (/Users/nosongyang/nodejs/wedate/node_modules/express/lib/router/index.js:145:5)
    at Router._dispatch (/Users/nosongyang/nodejs/wedate/node_modules/express/lib/router/index.js:173:5)
    at Object.router (/Users/nosongyang/nodejs/wedate/node_modules/express/lib/router/index.js:33:10)
    at next (/Users/nosongyang/nodejs/wedate/node_modules/express/node_modules/connect/lib/proto.js:193:15)
    at next (/Users/nosongyang/nodejs/wedate/node_modules/express/node_modules/connect/lib/middleware/session.js:315:9)
    at /Users/nosongyang/nodejs/wedate/node_modules/express/node_modules/connect/lib/middleware/session.js:339:9
    at /Users/nosongyang/nodejs/wedate/node_modules/connect-mongo/lib/connect-mongo.js:220:17
[Fri Apr 04 2014 17:05:51 GMT+0800 (CST)]/password
TypeError: Cannot read property 'password' of undefined
    at exports.password (/Users/nosongyang/nodejs/wedate/routes/index.js:187:141)
    at callbacks (/Users/nosongyang/nodejs/wedate/node_modules/express/lib/router/index.js:164:37)
    at param (/Users/nosongyang/nodejs/wedate/node_modules/express/lib/router/index.js:138:11)
    at pass (/Users/nosongyang/nodejs/wedate/node_modules/express/lib/router/index.js:145:5)
    at Router._dispatch (/Users/nosongyang/nodejs/wedate/node_modules/express/lib/router/index.js:173:5)
    at Object.router (/Users/nosongyang/nodejs/wedate/node_modules/express/lib/router/index.js:33:10)
    at next (/Users/nosongyang/nodejs/wedate/node_modules/express/node_modules/connect/lib/proto.js:193:15)
    at next (/Users/nosongyang/nodejs/wedate/node_modules/express/node_modules/connect/lib/middleware/session.js:315:9)
    at /Users/nosongyang/nodejs/wedate/node_modules/express/node_modules/connect/lib/middleware/session.js:339:9
    at /Users/nosongyang/nodejs/wedate/node_modules/connect-mongo/lib/connect-mongo.js:220:17
[Fri Apr 04 2014 17:05:58 GMT+0800 (CST)]/password
TypeError: Cannot read property 'password' of undefined
    at exports.password (/Users/nosongyang/nodejs/wedate/routes/index.js:187:141)
    at callbacks (/Users/nosongyang/nodejs/wedate/node_modules/express/lib/router/index.js:164:37)
    at param (/Users/nosongyang/nodejs/wedate/node_modules/express/lib/router/index.js:138:11)
    at pass (/Users/nosongyang/nodejs/wedate/node_modules/express/lib/router/index.js:145:5)
    at Router._dispatch (/Users/nosongyang/nodejs/wedate/node_modules/express/lib/router/index.js:173:5)
    at Object.router (/Users/nosongyang/nodejs/wedate/node_modules/express/lib/router/index.js:33:10)
    at next (/Users/nosongyang/nodejs/wedate/node_modules/express/node_modules/connect/lib/proto.js:193:15)
    at next (/Users/nosongyang/nodejs/wedate/node_modules/express/node_modules/connect/lib/middleware/session.js:315:9)
    at /Users/nosongyang/nodejs/wedate/node_modules/express/node_modules/connect/lib/middleware/session.js:339:9
    at /Users/nosongyang/nodejs/wedate/node_modules/connect-mongo/lib/connect-mongo.js:220:17
[Fri Apr 04 2014 17:08:29 GMT+0800 (CST)]/password
TypeError: Cannot read property 'password' of undefined
    at exports.password (/Users/nosongyang/nodejs/wedate/routes/index.js:187:141)
    at callbacks (/Users/nosongyang/nodejs/wedate/node_modules/express/lib/router/index.js:164:37)
    at param (/Users/nosongyang/nodejs/wedate/node_modules/express/lib/router/index.js:138:11)
    at pass (/Users/nosongyang/nodejs/wedate/node_modules/express/lib/router/index.js:145:5)
    at nextRoute (/Users/nosongyang/nodejs/wedate/node_modules/express/lib/router/index.js:100:7)
    at callbacks (/Users/nosongyang/nodejs/wedate/node_modules/express/lib/router/index.js:167:11)
    at exports.checkLogin (/Users/nosongyang/nodejs/wedate/routes/index.js:19:9)
    at callbacks (/Users/nosongyang/nodejs/wedate/node_modules/express/lib/router/index.js:164:37)
    at param (/Users/nosongyang/nodejs/wedate/node_modules/express/lib/router/index.js:138:11)
    at pass (/Users/nosongyang/nodejs/wedate/node_modules/express/lib/router/index.js:145:5)
[Fri Apr 04 2014 17:08:37 GMT+0800 (CST)]/password
TypeError: Cannot read property 'password' of undefined
    at exports.password (/Users/nosongyang/nodejs/wedate/routes/index.js:187:141)
    at callbacks (/Users/nosongyang/nodejs/wedate/node_modules/express/lib/router/index.js:164:37)
    at param (/Users/nosongyang/nodejs/wedate/node_modules/express/lib/router/index.js:138:11)
    at pass (/Users/nosongyang/nodejs/wedate/node_modules/express/lib/router/index.js:145:5)
    at nextRoute (/Users/nosongyang/nodejs/wedate/node_modules/express/lib/router/index.js:100:7)
    at callbacks (/Users/nosongyang/nodejs/wedate/node_modules/express/lib/router/index.js:167:11)
    at exports.checkLogin (/Users/nosongyang/nodejs/wedate/routes/index.js:19:9)
    at callbacks (/Users/nosongyang/nodejs/wedate/node_modules/express/lib/router/index.js:164:37)
    at param (/Users/nosongyang/nodejs/wedate/node_modules/express/lib/router/index.js:138:11)
    at pass (/Users/nosongyang/nodejs/wedate/node_modules/express/lib/router/index.js:145:5)
[Fri Apr 04 2014 17:13:09 GMT+0800 (CST)]/password
TypeError: Not a string or buffer
    at Hash.update (crypto.js:209:17)
    at exports.password (/Users/nosongyang/nodejs/wedate/routes/index.js:191:27)
    at callbacks (/Users/nosongyang/nodejs/wedate/node_modules/express/lib/router/index.js:164:37)
    at param (/Users/nosongyang/nodejs/wedate/node_modules/express/lib/router/index.js:138:11)
    at pass (/Users/nosongyang/nodejs/wedate/node_modules/express/lib/router/index.js:145:5)
    at Router._dispatch (/Users/nosongyang/nodejs/wedate/node_modules/express/lib/router/index.js:173:5)
    at Object.router (/Users/nosongyang/nodejs/wedate/node_modules/express/lib/router/index.js:33:10)
    at next (/Users/nosongyang/nodejs/wedate/node_modules/express/node_modules/connect/lib/proto.js:193:15)
    at Object.session [as handle] (/Users/nosongyang/nodejs/wedate/node_modules/express/node_modules/connect/lib/middleware/session.js:304:7)
    at next (/Users/nosongyang/nodejs/wedate/node_modules/express/node_modules/connect/lib/proto.js:193:15)
[Fri Apr 04 2014 17:13:19 GMT+0800 (CST)]/password
TypeError: Not a string or buffer
    at Hash.update (crypto.js:209:17)
    at exports.password (/Users/nosongyang/nodejs/wedate/routes/index.js:191:27)
    at callbacks (/Users/nosongyang/nodejs/wedate/node_modules/express/lib/router/index.js:164:37)
    at param (/Users/nosongyang/nodejs/wedate/node_modules/express/lib/router/index.js:138:11)
    at pass (/Users/nosongyang/nodejs/wedate/node_modules/express/lib/router/index.js:145:5)
    at Router._dispatch (/Users/nosongyang/nodejs/wedate/node_modules/express/lib/router/index.js:173:5)
    at Object.router (/Users/nosongyang/nodejs/wedate/node_modules/express/lib/router/index.js:33:10)
    at next (/Users/nosongyang/nodejs/wedate/node_modules/express/node_modules/connect/lib/proto.js:193:15)
    at Object.session [as handle] (/Users/nosongyang/nodejs/wedate/node_modules/express/node_modules/connect/lib/middleware/session.js:304:7)
    at next (/Users/nosongyang/nodejs/wedate/node_modules/express/node_modules/connect/lib/proto.js:193:15)
[Fri Apr 04 2014 17:13:22 GMT+0800 (CST)]/password
TypeError: Not a string or buffer
    at Hash.update (crypto.js:209:17)
    at exports.password (/Users/nosongyang/nodejs/wedate/routes/index.js:191:27)
    at callbacks (/Users/nosongyang/nodejs/wedate/node_modules/express/lib/router/index.js:164:37)
    at param (/Users/nosongyang/nodejs/wedate/node_modules/express/lib/router/index.js:138:11)
    at pass (/Users/nosongyang/nodejs/wedate/node_modules/express/lib/router/index.js:145:5)
    at Router._dispatch (/Users/nosongyang/nodejs/wedate/node_modules/express/lib/router/index.js:173:5)
    at Object.router (/Users/nosongyang/nodejs/wedate/node_modules/express/lib/router/index.js:33:10)
    at next (/Users/nosongyang/nodejs/wedate/node_modules/express/node_modules/connect/lib/proto.js:193:15)
    at Object.session [as handle] (/Users/nosongyang/nodejs/wedate/node_modules/express/node_modules/connect/lib/middleware/session.js:304:7)
    at next (/Users/nosongyang/nodejs/wedate/node_modules/express/node_modules/connect/lib/proto.js:193:15)
[Fri Apr 04 2014 17:13:24 GMT+0800 (CST)]/password
TypeError: Not a string or buffer
    at Hash.update (crypto.js:209:17)
    at exports.password (/Users/nosongyang/nodejs/wedate/routes/index.js:191:27)
    at callbacks (/Users/nosongyang/nodejs/wedate/node_modules/express/lib/router/index.js:164:37)
    at param (/Users/nosongyang/nodejs/wedate/node_modules/express/lib/router/index.js:138:11)
    at pass (/Users/nosongyang/nodejs/wedate/node_modules/express/lib/router/index.js:145:5)
    at Router._dispatch (/Users/nosongyang/nodejs/wedate/node_modules/express/lib/router/index.js:173:5)
    at Object.router (/Users/nosongyang/nodejs/wedate/node_modules/express/lib/router/index.js:33:10)
    at next (/Users/nosongyang/nodejs/wedate/node_modules/express/node_modules/connect/lib/proto.js:193:15)
    at Object.session [as handle] (/Users/nosongyang/nodejs/wedate/node_modules/express/node_modules/connect/lib/middleware/session.js:304:7)
    at next (/Users/nosongyang/nodejs/wedate/node_modules/express/node_modules/connect/lib/proto.js:193:15)
[Fri Apr 04 2014 17:14:23 GMT+0800 (CST)]/password
TypeError: Not a string or buffer
    at Hash.update (crypto.js:209:17)
    at exports.password (/Users/nosongyang/nodejs/wedate/routes/index.js:192:27)
    at callbacks (/Users/nosongyang/nodejs/wedate/node_modules/express/lib/router/index.js:164:37)
    at param (/Users/nosongyang/nodejs/wedate/node_modules/express/lib/router/index.js:138:11)
    at pass (/Users/nosongyang/nodejs/wedate/node_modules/express/lib/router/index.js:145:5)
    at Router._dispatch (/Users/nosongyang/nodejs/wedate/node_modules/express/lib/router/index.js:173:5)
    at Object.router (/Users/nosongyang/nodejs/wedate/node_modules/express/lib/router/index.js:33:10)
    at next (/Users/nosongyang/nodejs/wedate/node_modules/express/node_modules/connect/lib/proto.js:193:15)
    at Object.session [as handle] (/Users/nosongyang/nodejs/wedate/node_modules/express/node_modules/connect/lib/middleware/session.js:304:7)
    at next (/Users/nosongyang/nodejs/wedate/node_modules/express/node_modules/connect/lib/proto.js:193:15)
[Fri Apr 04 2014 17:14:37 GMT+0800 (CST)]/password
TypeError: Not a string or buffer
    at Hash.update (crypto.js:209:17)
    at exports.password (/Users/nosongyang/nodejs/wedate/routes/index.js:192:27)
    at callbacks (/Users/nosongyang/nodejs/wedate/node_modules/express/lib/router/index.js:164:37)
    at param (/Users/nosongyang/nodejs/wedate/node_modules/express/lib/router/index.js:138:11)
    at pass (/Users/nosongyang/nodejs/wedate/node_modules/express/lib/router/index.js:145:5)
    at Router._dispatch (/Users/nosongyang/nodejs/wedate/node_modules/express/lib/router/index.js:173:5)
    at Object.router (/Users/nosongyang/nodejs/wedate/node_modules/express/lib/router/index.js:33:10)
    at next (/Users/nosongyang/nodejs/wedate/node_modules/express/node_modules/connect/lib/proto.js:193:15)
    at Object.session [as handle] (/Users/nosongyang/nodejs/wedate/node_modules/express/node_modules/connect/lib/middleware/session.js:304:7)
    at next (/Users/nosongyang/nodejs/wedate/node_modules/express/node_modules/connect/lib/proto.js:193:15)
[Fri Apr 04 2014 17:18:19 GMT+0800 (CST)]/password
TypeError: Cannot read property 'user' of undefined
    at exports.password (/Users/nosongyang/nodejs/wedate/routes/index.js:187:24)
    at callbacks (/Users/nosongyang/nodejs/wedate/node_modules/express/lib/router/index.js:164:37)
    at param (/Users/nosongyang/nodejs/wedate/node_modules/express/lib/router/index.js:138:11)
    at pass (/Users/nosongyang/nodejs/wedate/node_modules/express/lib/router/index.js:145:5)
    at Router._dispatch (/Users/nosongyang/nodejs/wedate/node_modules/express/lib/router/index.js:173:5)
    at Object.router (/Users/nosongyang/nodejs/wedate/node_modules/express/lib/router/index.js:33:10)
    at next (/Users/nosongyang/nodejs/wedate/node_modules/express/node_modules/connect/lib/proto.js:193:15)
    at Object.session [as handle] (/Users/nosongyang/nodejs/wedate/node_modules/express/node_modules/connect/lib/middleware/session.js:304:7)
    at next (/Users/nosongyang/nodejs/wedate/node_modules/express/node_modules/connect/lib/proto.js:193:15)
    at Object.cookieParser [as handle] (/Users/nosongyang/nodejs/wedate/node_modules/express/node_modules/connect/lib/middleware/cookieParser.js:65:5)
[Fri Apr 04 2014 17:18:22 GMT+0800 (CST)]/password
TypeError: Cannot read property 'user' of undefined
    at exports.password (/Users/nosongyang/nodejs/wedate/routes/index.js:187:24)
    at callbacks (/Users/nosongyang/nodejs/wedate/node_modules/express/lib/router/index.js:164:37)
    at param (/Users/nosongyang/nodejs/wedate/node_modules/express/lib/router/index.js:138:11)
    at pass (/Users/nosongyang/nodejs/wedate/node_modules/express/lib/router/index.js:145:5)
    at Router._dispatch (/Users/nosongyang/nodejs/wedate/node_modules/express/lib/router/index.js:173:5)
    at Object.router (/Users/nosongyang/nodejs/wedate/node_modules/express/lib/router/index.js:33:10)
    at next (/Users/nosongyang/nodejs/wedate/node_modules/express/node_modules/connect/lib/proto.js:193:15)
    at Object.session [as handle] (/Users/nosongyang/nodejs/wedate/node_modules/express/node_modules/connect/lib/middleware/session.js:304:7)
    at next (/Users/nosongyang/nodejs/wedate/node_modules/express/node_modules/connect/lib/proto.js:193:15)
    at Object.cookieParser [as handle] (/Users/nosongyang/nodejs/wedate/node_modules/express/node_modules/connect/lib/middleware/cookieParser.js:65:5)
[Fri Apr 04 2014 17:18:34 GMT+0800 (CST)]/password
TypeError: Cannot read property 'user' of undefined
    at exports.password (/Users/nosongyang/nodejs/wedate/routes/index.js:187:24)
    at callbacks (/Users/nosongyang/nodejs/wedate/node_modules/express/lib/router/index.js:164:37)
    at param (/Users/nosongyang/nodejs/wedate/node_modules/express/lib/router/index.js:138:11)
    at pass (/Users/nosongyang/nodejs/wedate/node_modules/express/lib/router/index.js:145:5)
    at Router._dispatch (/Users/nosongyang/nodejs/wedate/node_modules/express/lib/router/index.js:173:5)
    at Object.router (/Users/nosongyang/nodejs/wedate/node_modules/express/lib/router/index.js:33:10)
    at next (/Users/nosongyang/nodejs/wedate/node_modules/express/node_modules/connect/lib/proto.js:193:15)
    at Object.session [as handle] (/Users/nosongyang/nodejs/wedate/node_modules/express/node_modules/connect/lib/middleware/session.js:304:7)
    at next (/Users/nosongyang/nodejs/wedate/node_modules/express/node_modules/connect/lib/proto.js:193:15)
    at Object.cookieParser [as handle] (/Users/nosongyang/nodejs/wedate/node_modules/express/node_modules/connect/lib/middleware/cookieParser.js:65:5)
[Fri Apr 04 2014 17:19:45 GMT+0800 (CST)]/password
TypeError: Cannot read property 'user' of undefined
    at exports.password (/Users/nosongyang/nodejs/wedate/routes/index.js:187:24)
    at callbacks (/Users/nosongyang/nodejs/wedate/node_modules/express/lib/router/index.js:164:37)
    at param (/Users/nosongyang/nodejs/wedate/node_modules/express/lib/router/index.js:138:11)
    at pass (/Users/nosongyang/nodejs/wedate/node_modules/express/lib/router/index.js:145:5)
    at Router._dispatch (/Users/nosongyang/nodejs/wedate/node_modules/express/lib/router/index.js:173:5)
    at Object.router (/Users/nosongyang/nodejs/wedate/node_modules/express/lib/router/index.js:33:10)
    at next (/Users/nosongyang/nodejs/wedate/node_modules/express/node_modules/connect/lib/proto.js:193:15)
    at Object.session [as handle] (/Users/nosongyang/nodejs/wedate/node_modules/express/node_modules/connect/lib/middleware/session.js:304:7)
    at next (/Users/nosongyang/nodejs/wedate/node_modules/express/node_modules/connect/lib/proto.js:193:15)
    at Object.cookieParser [as handle] (/Users/nosongyang/nodejs/wedate/node_modules/express/node_modules/connect/lib/middleware/cookieParser.js:65:5)
[Fri Apr 04 2014 17:19:47 GMT+0800 (CST)]/password
TypeError: Cannot read property 'user' of undefined
    at exports.password (/Users/nosongyang/nodejs/wedate/routes/index.js:187:24)
    at callbacks (/Users/nosongyang/nodejs/wedate/node_modules/express/lib/router/index.js:164:37)
    at param (/Users/nosongyang/nodejs/wedate/node_modules/express/lib/router/index.js:138:11)
    at pass (/Users/nosongyang/nodejs/wedate/node_modules/express/lib/router/index.js:145:5)
    at Router._dispatch (/Users/nosongyang/nodejs/wedate/node_modules/express/lib/router/index.js:173:5)
    at Object.router (/Users/nosongyang/nodejs/wedate/node_modules/express/lib/router/index.js:33:10)
    at next (/Users/nosongyang/nodejs/wedate/node_modules/express/node_modules/connect/lib/proto.js:193:15)
    at Object.session [as handle] (/Users/nosongyang/nodejs/wedate/node_modules/express/node_modules/connect/lib/middleware/session.js:304:7)
    at next (/Users/nosongyang/nodejs/wedate/node_modules/express/node_modules/connect/lib/proto.js:193:15)
    at Object.cookieParser [as handle] (/Users/nosongyang/nodejs/wedate/node_modules/express/node_modules/connect/lib/middleware/cookieParser.js:65:5)
[Fri Apr 04 2014 17:19:53 GMT+0800 (CST)]/password
TypeError: Cannot read property 'user' of undefined
    at exports.password (/Users/nosongyang/nodejs/wedate/routes/index.js:187:24)
    at callbacks (/Users/nosongyang/nodejs/wedate/node_modules/express/lib/router/index.js:164:37)
    at param (/Users/nosongyang/nodejs/wedate/node_modules/express/lib/router/index.js:138:11)
    at pass (/Users/nosongyang/nodejs/wedate/node_modules/express/lib/router/index.js:145:5)
    at Router._dispatch (/Users/nosongyang/nodejs/wedate/node_modules/express/lib/router/index.js:173:5)
    at Object.router (/Users/nosongyang/nodejs/wedate/node_modules/express/lib/router/index.js:33:10)
    at next (/Users/nosongyang/nodejs/wedate/node_modules/express/node_modules/connect/lib/proto.js:193:15)
    at Object.session [as handle] (/Users/nosongyang/nodejs/wedate/node_modules/express/node_modules/connect/lib/middleware/session.js:304:7)
    at next (/Users/nosongyang/nodejs/wedate/node_modules/express/node_modules/connect/lib/proto.js:193:15)
    at Object.cookieParser [as handle] (/Users/nosongyang/nodejs/wedate/node_modules/express/node_modules/connect/lib/middleware/cookieParser.js:65:5)
[Fri Apr 04 2014 17:20:26 GMT+0800 (CST)]/password
TypeError: Not a string or buffer
    at Hash.update (crypto.js:209:17)
    at exports.password (/Users/nosongyang/nodejs/wedate/routes/index.js:193:27)
    at callbacks (/Users/nosongyang/nodejs/wedate/node_modules/express/lib/router/index.js:164:37)
    at param (/Users/nosongyang/nodejs/wedate/node_modules/express/lib/router/index.js:138:11)
    at pass (/Users/nosongyang/nodejs/wedate/node_modules/express/lib/router/index.js:145:5)
    at Router._dispatch (/Users/nosongyang/nodejs/wedate/node_modules/express/lib/router/index.js:173:5)
    at Object.router (/Users/nosongyang/nodejs/wedate/node_modules/express/lib/router/index.js:33:10)
    at next (/Users/nosongyang/nodejs/wedate/node_modules/express/node_modules/connect/lib/proto.js:193:15)
    at Object.session [as handle] (/Users/nosongyang/nodejs/wedate/node_modules/express/node_modules/connect/lib/middleware/session.js:304:7)
    at next (/Users/nosongyang/nodejs/wedate/node_modules/express/node_modules/connect/lib/proto.js:193:15)
[Fri Apr 04 2014 17:20:32 GMT+0800 (CST)]/password
TypeError: Not a string or buffer
    at Hash.update (crypto.js:209:17)
    at exports.password (/Users/nosongyang/nodejs/wedate/routes/index.js:193:27)
    at callbacks (/Users/nosongyang/nodejs/wedate/node_modules/express/lib/router/index.js:164:37)
    at param (/Users/nosongyang/nodejs/wedate/node_modules/express/lib/router/index.js:138:11)
    at pass (/Users/nosongyang/nodejs/wedate/node_modules/express/lib/router/index.js:145:5)
    at Router._dispatch (/Users/nosongyang/nodejs/wedate/node_modules/express/lib/router/index.js:173:5)
    at Object.router (/Users/nosongyang/nodejs/wedate/node_modules/express/lib/router/index.js:33:10)
    at next (/Users/nosongyang/nodejs/wedate/node_modules/express/node_modules/connect/lib/proto.js:193:15)
    at Object.session [as handle] (/Users/nosongyang/nodejs/wedate/node_modules/express/node_modules/connect/lib/middleware/session.js:304:7)
    at next (/Users/nosongyang/nodejs/wedate/node_modules/express/node_modules/connect/lib/proto.js:193:15)
[Fri Apr 04 2014 17:25:11 GMT+0800 (CST)]/password
TypeError: Cannot read property 'password' of undefined
    at exports.password (/Users/nosongyang/nodejs/wedate/routes/index.js:187:141)
    at callbacks (/Users/nosongyang/nodejs/wedate/node_modules/express/lib/router/index.js:164:37)
    at param (/Users/nosongyang/nodejs/wedate/node_modules/express/lib/router/index.js:138:11)
    at pass (/Users/nosongyang/nodejs/wedate/node_modules/express/lib/router/index.js:145:5)
    at Router._dispatch (/Users/nosongyang/nodejs/wedate/node_modules/express/lib/router/index.js:173:5)
    at Object.router (/Users/nosongyang/nodejs/wedate/node_modules/express/lib/router/index.js:33:10)
    at next (/Users/nosongyang/nodejs/wedate/node_modules/express/node_modules/connect/lib/proto.js:193:15)
    at next (/Users/nosongyang/nodejs/wedate/node_modules/express/node_modules/connect/lib/middleware/session.js:315:9)
    at /Users/nosongyang/nodejs/wedate/node_modules/express/node_modules/connect/lib/middleware/session.js:339:9
    at /Users/nosongyang/nodejs/wedate/node_modules/connect-mongo/lib/connect-mongo.js:220:17
